

<!DOCTYPE html>
<html>

<head>
	<meta charset='UTF-8' /> 
	<meta name='description' content='' />
	<meta name='robots' content='noodp, noydir' />
	<meta name='viewport' content='width=device-width, initial-scale=1' />

	<link href='https://fonts.googleapis.com/css?family=Source+Sans+Pro:400,600' rel='stylesheet' type='text/css'>
	<link href="https://fonts.googleapis.com/icon?family=Material+Icons" rel="stylesheet">
	
		<link href='https://cdn.rawgit.com/anshooarora/extentreports-java/9fa70d0ed9c34a8ed445ceee3494d3d7de7f8918/dist/css/extent.css' type='text/css' rel='stylesheet' />
	
	<title>ExtentReports</title>

</head>
	<body class='extent standard default hide-overflow '>
		<div id='theme-selector' alt='Click to toggle theme. To enable by default, use theme configuration.' title='Click to toggle theme. To enable by default, use theme configuration.'>
			<span><i class='material-icons'>desktop_windows</i></span>
		</div>

<nav>
	<div class="nav-wrapper">
		<a href="#!" class="brand-logo blue darken-3">Extent</a>

		<!-- slideout menu -->
		<ul id='slide-out' class='side-nav fixed hide-on-med-and-down'>
			<li class='waves-effect active'><a href='#!' view='test-view' onclick="configureView(0);chartsView('test');"><i class='material-icons'>dashboard</i></a></li>
						<li class='waves-effect'><a href='#!' view='category-view' onclick="configureView(1)"><i class='material-icons'>label_outline</i></a></li>
			<li class='waves-effect'><a href='#!' view='exception-view' onclick="configureView(2)"><i class='material-icons'>bug_report</i></a></li>
			<li class='waves-effect'><a href='#!' onclick="configureView(-1);chartsView('dashboard');" view='dashboard-view'><i class='material-icons'>track_changes</i></i></a></li>
			<li class='waves-effect'><a href='#!' onclick="configureView(-1)" view='testrunner-logs-view'><i class='material-icons'>note</i></a></li>
		</ul>

		<!-- report name -->
		<span class='report-name'>JUnit TestRunner : Cucumber Report</span>
		
		<!-- report headline -->
		<span class='report-headline'></span>

		<!-- nav-right -->
		<ul id='nav-mobile' class='right hide-on-med-and-down nav-right'>
			<a href='#!'>
				<span class='label suite-start-time'>Jan 8, 2021 8:13:19 PM</span>
			</a>
			<a href='#!'>
				<span class='label'>v3.0.3</span>
			</a>
		</ul>
	</div>
</nav>
		<!-- container -->
		<div class='container'>

<div id='test-view' class='view'>
				
	<section id='controls'>
		<div class='controls grey lighten-4'>
			<!-- test toggle -->
			<div class='chip transparent'>
				<a class='dropdown-button tests-toggle' data-activates='tests-toggle' data-constrainwidth='true' data-beloworigin='true' data-hover='true' href='#'>
					<i class='material-icons'>warning</i> Status
				</a>
				<ul id='tests-toggle' class='dropdown-content'>
											<li status='pass'><a href='#!'>Pass <i class='material-icons green-text'>check_circle</i></a></li>
						<li status='fail'><a href='#!'>Fail <i class='material-icons red-text'>cancel</i></a></li>
					<li class='divider'></li>
					<li status='clear' clear='true'><a href='#!'>Clear Filters <i class='material-icons'>clear</i></a></li>
				</ul>
			</div>
			<!-- test toggle -->

			<!-- category toggle -->
			<div class='chip transparent'>
				<a class='dropdown-button category-toggle' data-activates='category-toggle' data-constrainwidth='false' data-beloworigin='true' data-hover='true' href='#'>
					<i class='material-icons'>local_offer</i> Category
				</a>
				<ul id='category-toggle' class='dropdown-content'>
					<li><a href='#'>@PO_ReqNeg01</a></li>
					<li><a href='#'>@PO_ReqNeg02</a></li>
					<li><a href='#'>@PO_ReqNeg03</a></li>
					<li><a href='#'>@PO_ReqNeg04</a></li>
					<li><a href='#'>@PO_RFQNeg01</a></li>
					<li><a href='#'>@PO_RFQNeg02</a></li>
					<li><a href='#'>@PO_RFQNeg03</a></li>
					<li><a href='#'>@PO_QuotesNeg01</a></li>
					<li><a href='#'>@PO_QuotesNeg02</a></li>
					<li><a href='#'>@PO_QuotesNeg03</a></li>
					<li><a href='#'>@PO_PurchaseOrderNeg01</a></li>
					<li><a href='#'>@PO_PurchaseOrderNeg02</a></li>
					<li><a href='#'>@PO_PurchaseOrderNeg03</a></li>
					<li><a href='#'>@PO_PurchaseOrderNeg04</a></li>
					<li><a href='#'>@PO_PurchaseOrderNeg05</a></li>
					<li class='divider'></li>
					<li class='clear'><a href='#!' clear='true'>Clear Filters</a></li>
				</ul>
			</div>
			<!-- category toggle -->

			<!-- clear filters -->
			<div class='chip transparent hide'>
				<a class='' id='clear-filters' alt='Clear Filters' title='Clear Filters'>
					<i class='material-icons'>close</i> Clear
				</a>
			</div>
			<!-- clear filters -->

			<!-- enable dashboard -->
			<div id='toggle-test-view-charts' class='chip transparent'>
				<a class='pink-text' id='enable-dashboard' alt='Enable Dashboard' title='Enable Dashboard'>
					<i class='material-icons'>track_changes</i> Dashboard
				</a>
			</div>
			<!-- enable dashboard -->

			<!-- search -->
			<div class='chip transparent' alt='Search Tests' title='Search Tests'>
				<a href="#" class='search-div'>
					<i class='material-icons'>search</i> Search
				</a>

				<div class='input-field left hide'>
					<input id='search-tests' type='text' class='validate browser-default' placeholder='Search Tests...'>
				</div>
				
			</div>
			<!-- search -->
		</div>
	</section>


<div id='test-view-charts' class='subview-full'>
	<div id='charts-row' class='row nm-v nm-h'>
		<div class='col s12 m6 l6 np-h'>
			<div class='card-panel nm-v'>
				<div class='left panel-name'>Tests</div>
				<div class='chart-box'>
					<canvas id='parent-analysis' width='100' height='80'></canvas>
				</div>
				<div class='block text-small'>
					<span><span class='strong'>49</span> test(s) passed</span>
				</div>
				<div class='block text-small'>
					<span class='strong'>10</span> test(s) failed, <span class='strong'>0</span> others
				</div>
			</div>
		</div>
		
		<div class='col s12 m6 l6 np-h'>
			<div class='card-panel nm-v'>
				<div class='left panel-name'>Steps</div>
				<div class='chart-box'>
					<canvas id='child-analysis' width='100' height='80'></canvas>
				</div>
				<div class='block text-small'>
					<span><span class='strong'>49</span> step(s) passed</span>
				</div>
				<div class='block text-small'>
					<span class='strong'>10</span> step(s) failed, <span class='strong'>0</span> others
				</div>
			</div>
		</div>
		
	</div>
</div>

	<div class='subview-left left'>
		
		<div class='view-summary'>
			<h5>Tests</h3>
			<ul id='test-collection' class='test-collection'>
				
				
				<li class='test displayed active has-leaf fail' status='fail' bdd='false' test-id='1'>
					<div class='test-heading'>
						<span class='test-name'>Negative Testing for Procurement</span>
						<span class='test-time'>Jan 8, 2021 8:13:19 PM</span>
						<span class='test-status right fail'>fail</span>
					</div>
					<div class='test-content hide'>
<div class='test-time-info'>
	<span class='label start-time'>Jan 8, 2021 8:13:19 PM</span>
	<span class='label end-time'>Jan 8, 2021 8:25:25 PM</span>
	<span class='label time-taken grey lighten-1 white-text'>0h 12m 5s+784ms</span>
</div>
	<ul class='collapsible node-list' data-collapsible='accordion'>
		
				<li class='node level-1  fail' status='fail' test-id='2'>
					<div class='collapsible-header'>
						<div class='node-name'>Scenario: Procurements - Requirements Search page</div>						
						<span class='node-time'>Jan 8, 2021 8:13:19 PM</span>
						<span class='node-duration'>0h 0m 25s+486ms</span>
						<span class='test-status right fail'>fail</span>
					</div>
						<ul class='collapsible node-list' data-collapsible='accordion'>
				<li class='node level-2 leaf pass' status='pass' test-id='3'>
					<div class='collapsible-header'>
						<div class='node-name'>Given Launch the Application</div>						
						<span class='node-time'>Jan 8, 2021 8:13:19 PM</span>
						<span class='node-duration'>0h 0m 8s+904ms</span>
						<span class='test-status right pass'>pass</span>
					</div>
						<div class='collapsible-body'>
								<div class='node-steps'>
									<table class='bordered table-results'>
										<thead>
											<tr>
												<th>Status</th>
												<th>Timestamp</th>
												<th>Details</th>
											</tr>
										</thead>
										<tbody>
												<tr class='log' status='pass'>
													<td class='status pass' title='pass' alt='pass'><i class='material-icons'>check_circle</i></td>
													<td class='timestamp'>8:13:28 PM</td>
													<td class='step-details'>passed</td>
												</tr>
										</tbody>
									</table>
								</div>
						</div>
				</li>
				<li class='node level-2 leaf pass' status='pass' test-id='4'>
					<div class='collapsible-header'>
						<div class='node-name'>Then Login with valid Credentials</div>						
						<span class='node-time'>Jan 8, 2021 8:13:28 PM</span>
						<span class='node-duration'>0h 0m 5s+186ms</span>
						<span class='test-status right pass'>pass</span>
					</div>
						<div class='collapsible-body'>
								<div class='node-steps'>
									<table class='bordered table-results'>
										<thead>
											<tr>
												<th>Status</th>
												<th>Timestamp</th>
												<th>Details</th>
											</tr>
										</thead>
										<tbody>
												<tr class='log' status='pass'>
													<td class='status pass' title='pass' alt='pass'><i class='material-icons'>check_circle</i></td>
													<td class='timestamp'>8:13:33 PM</td>
													<td class='step-details'>passed</td>
												</tr>
										</tbody>
									</table>
								</div>
						</div>
				</li>
				<li class='node level-2 leaf pass' status='pass' test-id='5'>
					<div class='collapsible-header'>
						<div class='node-name'>Given Navigate to Requirements - PO_Req_SearchPage</div>						
						<span class='node-time'>Jan 8, 2021 8:13:33 PM</span>
						<span class='node-duration'>0h 0m 6s+783ms</span>
						<span class='test-status right pass'>pass</span>
					</div>
						<div class='collapsible-body'>
								<div class='node-steps'>
									<table class='bordered table-results'>
										<thead>
											<tr>
												<th>Status</th>
												<th>Timestamp</th>
												<th>Details</th>
											</tr>
										</thead>
										<tbody>
												<tr class='log' status='pass'>
													<td class='status pass' title='pass' alt='pass'><i class='material-icons'>check_circle</i></td>
													<td class='timestamp'>8:13:40 PM</td>
													<td class='step-details'>passed</td>
												</tr>
										</tbody>
									</table>
								</div>
						</div>
				</li>
				<li class='node level-2 leaf fail' status='fail' test-id='6'>
					<div class='collapsible-header'>
						<div class='node-name'>Then Validate with Invalid Date Range - PO_Req_SearchPage</div>						
						<span class='node-time'>Jan 8, 2021 8:13:40 PM</span>
						<span class='node-duration'>0h 0m 4s+565ms</span>
						<span class='test-status right fail'>fail</span>
					</div>
						<div class='collapsible-body'>
								<div class='node-steps'>
									<table class='bordered table-results'>
										<thead>
											<tr>
												<th>Status</th>
												<th>Timestamp</th>
												<th>Details</th>
											</tr>
										</thead>
										<tbody>
												<tr class='log' status='fail'>
													<td class='status fail' title='fail' alt='fail'><i class='material-icons'>cancel</i></td>
													<td class='timestamp'>8:13:45 PM</td>
													<td class='step-details'><textarea>org.assertj.core.error.AssertJMultipleFailuresError: 
Multiple Failures (1 failure)
-- failure 1 --
Expecting:
 <"Requirement Thru Date should be greater than Requirement From Date">
to be equal to:
 <"Requirement Thru Date should be greater than Requirement From Date.">
but was not.
at Procurement_Requirements_Requirements.Req_SearchPage_InvalidDate_Val(Procurement_Requirements_Requirements.java:239)
	at sun.reflect.NativeConstructorAccessorImpl.newInstance0(Native Method)
	at sun.reflect.NativeConstructorAccessorImpl.newInstance(Unknown Source)
	at sun.reflect.DelegatingConstructorAccessorImpl.newInstance(Unknown Source)
	at com.Procurement_Modules.Procurement_Requirements_Requirements.PO_Req_assertions(Procurement_Requirements_Requirements.java:700)
	at com.Crest_NegativeScenarios_StepDefinitions.Procurement_Negative_Scenarios_Stepdef.validate_with_Invalid_Date_Range_PO_Req_SearchPage(Procurement_Negative_Scenarios_Stepdef.java:38)
	at ✽.Then Validate with Invalid Date Range - PO_Req_SearchPage(Procurement_Negative_Scenarios.feature:11)
</textarea></td>
												</tr>
										</tbody>
									</table>
								</div>
						</div>
				</li>
						</ul>
				</li>
				<li class='node level-1  fail' status='fail' test-id='7'>
					<div class='collapsible-header'>
						<div class='node-name'>Scenario: Procurements - Requirements Create Page</div>						
						<span class='node-time'>Jan 8, 2021 8:13:46 PM</span>
						<span class='node-duration'>0h 1m 7s+884ms</span>
						<span class='test-status right fail'>fail</span>
					</div>
						<ul class='collapsible node-list' data-collapsible='accordion'>
				<li class='node level-2 leaf pass' status='pass' test-id='8'>
					<div class='collapsible-header'>
						<div class='node-name'>Given Launch the Application</div>						
						<span class='node-time'>Jan 8, 2021 8:13:46 PM</span>
						<span class='node-duration'>0h 0m 7s+104ms</span>
						<span class='test-status right pass'>pass</span>
					</div>
						<div class='collapsible-body'>
								<div class='node-steps'>
									<table class='bordered table-results'>
										<thead>
											<tr>
												<th>Status</th>
												<th>Timestamp</th>
												<th>Details</th>
											</tr>
										</thead>
										<tbody>
												<tr class='log' status='pass'>
													<td class='status pass' title='pass' alt='pass'><i class='material-icons'>check_circle</i></td>
													<td class='timestamp'>8:13:53 PM</td>
													<td class='step-details'>passed</td>
												</tr>
										</tbody>
									</table>
								</div>
						</div>
				</li>
				<li class='node level-2 leaf pass' status='pass' test-id='9'>
					<div class='collapsible-header'>
						<div class='node-name'>Then Login with valid Credentials</div>						
						<span class='node-time'>Jan 8, 2021 8:13:53 PM</span>
						<span class='node-duration'>0h 0m 4s+526ms</span>
						<span class='test-status right pass'>pass</span>
					</div>
						<div class='collapsible-body'>
								<div class='node-steps'>
									<table class='bordered table-results'>
										<thead>
											<tr>
												<th>Status</th>
												<th>Timestamp</th>
												<th>Details</th>
											</tr>
										</thead>
										<tbody>
												<tr class='log' status='pass'>
													<td class='status pass' title='pass' alt='pass'><i class='material-icons'>check_circle</i></td>
													<td class='timestamp'>8:13:58 PM</td>
													<td class='step-details'>passed</td>
												</tr>
										</tbody>
									</table>
								</div>
						</div>
				</li>
				<li class='node level-2 leaf pass' status='pass' test-id='10'>
					<div class='collapsible-header'>
						<div class='node-name'>Given Create Requirement - PO_Req_CreatePage</div>						
						<span class='node-time'>Jan 8, 2021 8:13:58 PM</span>
						<span class='node-duration'>0h 0m 5s+872ms</span>
						<span class='test-status right pass'>pass</span>
					</div>
						<div class='collapsible-body'>
								<div class='node-steps'>
									<table class='bordered table-results'>
										<thead>
											<tr>
												<th>Status</th>
												<th>Timestamp</th>
												<th>Details</th>
											</tr>
										</thead>
										<tbody>
												<tr class='log' status='pass'>
													<td class='status pass' title='pass' alt='pass'><i class='material-icons'>check_circle</i></td>
													<td class='timestamp'>8:14:03 PM</td>
													<td class='step-details'>passed</td>
												</tr>
										</tbody>
									</table>
								</div>
						</div>
				</li>
				<li class='node level-2 leaf fail' status='fail' test-id='11'>
					<div class='collapsible-header'>
						<div class='node-name'>Then Validate Create Requirement Page with Invalid data - PO_Req_CreatePage</div>						
						<span class='node-time'>Jan 8, 2021 8:14:03 PM</span>
						<span class='node-duration'>0h 0m 50s+356ms</span>
						<span class='test-status right fail'>fail</span>
					</div>
						<div class='collapsible-body'>
								<div class='node-steps'>
									<table class='bordered table-results'>
										<thead>
											<tr>
												<th>Status</th>
												<th>Timestamp</th>
												<th>Details</th>
											</tr>
										</thead>
										<tbody>
												<tr class='log' status='fail'>
													<td class='status fail' title='fail' alt='fail'><i class='material-icons'>cancel</i></td>
													<td class='timestamp'>8:14:54 PM</td>
													<td class='step-details'><pre>org.openqa.selenium.TimeoutException: Expected condition failed: waiting for visibility of element located by By.id: fromPartyId (tried for 50 second(s) with 500 MILLISECONDS interval)
	at org.openqa.selenium.support.ui.WebDriverWait.timeoutException(WebDriverWait.java:80)
	at org.openqa.selenium.support.ui.FluentWait.until(FluentWait.java:232)
	at com.Utils.WebdriverWait.findElement(WebdriverWait.java:17)
	at com.Procurement_Modules.Procurement_Requirements_Requirements.Req_Mandatory_Fields_CreateReqTable(Procurement_Requirements_Requirements.java:257)
	at com.Crest_NegativeScenarios_StepDefinitions.Procurement_Negative_Scenarios_Stepdef.validate_Create_Requirement_Page_with_Invalid_data_PO_Req_CreatePage(Procurement_Negative_Scenarios_Stepdef.java:53)
	at ✽.Then Validate Create Requirement Page with Invalid data - PO_Req_CreatePage(Procurement_Negative_Scenarios.feature:17)
Caused by: org.openqa.selenium.NoSuchElementException: Cannot locate an element using By.id: fromPartyId
For documentation on this error, please visit: http://seleniumhq.org/exceptions/no_such_element.html
Build info: version: '3.5.3', revision: 'a88d25fe6b', time: '2017-08-29T12:42:44.417Z'
System info: host: 'KAILASH_R_LAPTO', ip: '192.168.1.104', os.name: 'Windows 10', os.arch: 'amd64', os.version: '10.0', java.version: '1.8.0_201'
Driver info: driver.version: unknown
	at org.openqa.selenium.support.ui.ExpectedConditions.lambda$findElement$0(ExpectedConditions.java:883)
	at java.util.Optional.orElseThrow(Unknown Source)
	at org.openqa.selenium.support.ui.ExpectedConditions.findElement(ExpectedConditions.java:882)
	at org.openqa.selenium.support.ui.ExpectedConditions.access$000(ExpectedConditions.java:44)
	at org.openqa.selenium.support.ui.ExpectedConditions$7.apply(ExpectedConditions.java:206)
	at org.openqa.selenium.support.ui.ExpectedConditions$7.apply(ExpectedConditions.java:202)
	at org.openqa.selenium.support.ui.FluentWait.until(FluentWait.java:209)
	at com.Utils.WebdriverWait.findElement(WebdriverWait.java:17)
	at com.Procurement_Modules.Procurement_Requirements_Requirements.Req_Mandatory_Fields_CreateReqTable(Procurement_Requirements_Requirements.java:257)
	at com.Crest_NegativeScenarios_StepDefinitions.Procurement_Negative_Scenarios_Stepdef.validate_Create_Requirement_Page_with_Invalid_data_PO_Req_CreatePage(Procurement_Negative_Scenarios_Stepdef.java:53)
	at sun.reflect.NativeMethodAccessorImpl.invoke0(Native Method)
	at sun.reflect.NativeMethodAccessorImpl.invoke(Unknown Source)
	at sun.reflect.DelegatingMethodAccessorImpl.invoke(Unknown Source)
	at java.lang.reflect.Method.invoke(Unknown Source)
	at cucumber.runtime.Utils$1.call(Utils.java:40)
	at cucumber.runtime.Timeout.timeout(Timeout.java:16)
	at cucumber.runtime.Utils.invoke(Utils.java:34)
	at cucumber.runtime.java.JavaStepDefinition.execute(JavaStepDefinition.java:38)
	at cucumber.runtime.StepDefinitionMatch.runStep(StepDefinitionMatch.java:37)
	at cucumber.runtime.Runtime.runStep(Runtime.java:300)
	at cucumber.runtime.model.StepContainer.runStep(StepContainer.java:44)
	at cucumber.runtime.model.StepContainer.runSteps(StepContainer.java:39)
	at cucumber.runtime.model.CucumberScenario.run(CucumberScenario.java:44)
	at cucumber.runtime.junit.ExecutionUnitRunner.run(ExecutionUnitRunner.java:102)
	at cucumber.runtime.junit.FeatureRunner.runChild(FeatureRunner.java:63)
	at cucumber.runtime.junit.FeatureRunner.runChild(FeatureRunner.java:18)
	at org.junit.runners.ParentRunner$3.run(ParentRunner.java:290)
	at org.junit.runners.ParentRunner$1.schedule(ParentRunner.java:71)
	at org.junit.runners.ParentRunner.runChildren(ParentRunner.java:288)
	at org.junit.runners.ParentRunner.access$000(ParentRunner.java:58)
	at org.junit.runners.ParentRunner$2.evaluate(ParentRunner.java:268)
	at org.junit.runners.ParentRunner.run(ParentRunner.java:363)
	at cucumber.runtime.junit.FeatureRunner.run(FeatureRunner.java:70)
	at cucumber.api.junit.Cucumber.runChild(Cucumber.java:95)
	at cucumber.api.junit.Cucumber.runChild(Cucumber.java:38)
	at org.junit.runners.ParentRunner$3.run(ParentRunner.java:290)
	at org.junit.runners.ParentRunner$1.schedule(ParentRunner.java:71)
	at org.junit.runners.ParentRunner.runChildren(ParentRunner.java:288)
	at org.junit.runners.ParentRunner.access$000(ParentRunner.java:58)
	at org.junit.runners.ParentRunner$2.evaluate(ParentRunner.java:268)
	at org.junit.internal.runners.statements.RunAfters.evaluate(RunAfters.java:27)
	at org.junit.runners.ParentRunner.run(ParentRunner.java:363)
	at cucumber.api.junit.Cucumber.run(Cucumber.java:100)
	at org.junit.runner.JUnitCore.run(JUnitCore.java:137)
	at org.junit.runner.JUnitCore.run(JUnitCore.java:115)
	at org.junit.vintage.engine.execution.RunnerExecutor.execute(RunnerExecutor.java:39)
	at java.util.stream.ForEachOps$ForEachOp$OfRef.accept(Unknown Source)
	at java.util.stream.ReferencePipeline$3$1.accept(Unknown Source)
	at java.util.Iterator.forEachRemaining(Unknown Source)
	at java.util.Spliterators$IteratorSpliterator.forEachRemaining(Unknown Source)
	at java.util.stream.AbstractPipeline.copyInto(Unknown Source)
	at java.util.stream.AbstractPipeline.wrapAndCopyInto(Unknown Source)
	at java.util.stream.ForEachOps$ForEachOp.evaluateSequential(Unknown Source)
	at java.util.stream.ForEachOps$ForEachOp$OfRef.evaluateSequential(Unknown Source)
	at java.util.stream.AbstractPipeline.evaluate(Unknown Source)
	at java.util.stream.ReferencePipeline.forEach(Unknown Source)
	at org.junit.vintage.engine.VintageTestEngine.executeAllChildren(VintageTestEngine.java:79)
	at org.junit.vintage.engine.VintageTestEngine.execute(VintageTestEngine.java:70)
	at org.junit.platform.launcher.core.DefaultLauncher.execute(DefaultLauncher.java:220)
	at org.junit.platform.launcher.core.DefaultLauncher.lambda$execute$6(DefaultLauncher.java:188)
	at org.junit.platform.launcher.core.DefaultLauncher.withInterceptedStreams(DefaultLauncher.java:202)
	at org.junit.platform.launcher.core.DefaultLauncher.execute(DefaultLauncher.java:181)
	at org.junit.platform.launcher.core.DefaultLauncher.execute(DefaultLauncher.java:128)
	at org.eclipse.jdt.internal.junit5.runner.JUnit5TestReference.run(JUnit5TestReference.java:89)
	at org.eclipse.jdt.internal.junit.runner.TestExecution.run(TestExecution.java:41)
	at org.eclipse.jdt.internal.junit.runner.RemoteTestRunner.runTests(RemoteTestRunner.java:541)
	at org.eclipse.jdt.internal.junit.runner.RemoteTestRunner.runTests(RemoteTestRunner.java:763)
	at org.eclipse.jdt.internal.junit.runner.RemoteTestRunner.run(RemoteTestRunner.java:463)
	at org.eclipse.jdt.internal.junit.runner.RemoteTestRunner.main(RemoteTestRunner.java:209)
</pre></td>
												</tr>
										</tbody>
									</table>
								</div>
						</div>
				</li>
						</ul>
				</li>
				<li class='node level-1  fail' status='fail' test-id='12'>
					<div class='collapsible-header'>
						<div class='node-name'>Scenario: Procurements - Requirements Edit Page</div>						
						<span class='node-time'>Jan 8, 2021 8:14:55 PM</span>
						<span class='node-duration'>0h 1m 8s+340ms</span>
						<span class='test-status right fail'>fail</span>
					</div>
						<ul class='collapsible node-list' data-collapsible='accordion'>
				<li class='node level-2 leaf pass' status='pass' test-id='13'>
					<div class='collapsible-header'>
						<div class='node-name'>Given Launch the Application</div>						
						<span class='node-time'>Jan 8, 2021 8:14:55 PM</span>
						<span class='node-duration'>0h 0m 6s+356ms</span>
						<span class='test-status right pass'>pass</span>
					</div>
						<div class='collapsible-body'>
								<div class='node-steps'>
									<table class='bordered table-results'>
										<thead>
											<tr>
												<th>Status</th>
												<th>Timestamp</th>
												<th>Details</th>
											</tr>
										</thead>
										<tbody>
												<tr class='log' status='pass'>
													<td class='status pass' title='pass' alt='pass'><i class='material-icons'>check_circle</i></td>
													<td class='timestamp'>8:15:01 PM</td>
													<td class='step-details'>passed</td>
												</tr>
										</tbody>
									</table>
								</div>
						</div>
				</li>
				<li class='node level-2 leaf pass' status='pass' test-id='14'>
					<div class='collapsible-header'>
						<div class='node-name'>Then Login with valid Credentials</div>						
						<span class='node-time'>Jan 8, 2021 8:15:01 PM</span>
						<span class='node-duration'>0h 0m 4s+184ms</span>
						<span class='test-status right pass'>pass</span>
					</div>
						<div class='collapsible-body'>
								<div class='node-steps'>
									<table class='bordered table-results'>
										<thead>
											<tr>
												<th>Status</th>
												<th>Timestamp</th>
												<th>Details</th>
											</tr>
										</thead>
										<tbody>
												<tr class='log' status='pass'>
													<td class='status pass' title='pass' alt='pass'><i class='material-icons'>check_circle</i></td>
													<td class='timestamp'>8:15:06 PM</td>
													<td class='step-details'>passed</td>
												</tr>
										</tbody>
									</table>
								</div>
						</div>
				</li>
				<li class='node level-2 leaf pass' status='pass' test-id='15'>
					<div class='collapsible-header'>
						<div class='node-name'>Given Create Requirement - PO_ReqEditPage</div>						
						<span class='node-time'>Jan 8, 2021 8:15:06 PM</span>
						<span class='node-duration'>0h 0m 32s+659ms</span>
						<span class='test-status right pass'>pass</span>
					</div>
						<div class='collapsible-body'>
								<div class='node-steps'>
									<table class='bordered table-results'>
										<thead>
											<tr>
												<th>Status</th>
												<th>Timestamp</th>
												<th>Details</th>
											</tr>
										</thead>
										<tbody>
												<tr class='log' status='pass'>
													<td class='status pass' title='pass' alt='pass'><i class='material-icons'>check_circle</i></td>
													<td class='timestamp'>8:15:38 PM</td>
													<td class='step-details'>passed</td>
												</tr>
										</tbody>
									</table>
								</div>
						</div>
				</li>
				<li class='node level-2 leaf fail' status='fail' test-id='16'>
					<div class='collapsible-header'>
						<div class='node-name'>Then Validate Edit Requirement Page with Invalid data - PO_ReqEditPage</div>						
						<span class='node-time'>Jan 8, 2021 8:15:38 PM</span>
						<span class='node-duration'>0h 0m 25s+121ms</span>
						<span class='test-status right fail'>fail</span>
					</div>
						<div class='collapsible-body'>
								<div class='node-steps'>
									<table class='bordered table-results'>
										<thead>
											<tr>
												<th>Status</th>
												<th>Timestamp</th>
												<th>Details</th>
											</tr>
										</thead>
										<tbody>
												<tr class='log' status='fail'>
													<td class='status fail' title='fail' alt='fail'><i class='material-icons'>cancel</i></td>
													<td class='timestamp'>8:16:03 PM</td>
													<td class='step-details'><textarea>org.assertj.core.error.AssertJMultipleFailuresError: 
Multiple Failures (3 failures)
-- failure 1 --
Expecting:
 <"Error doing entity-auto operation for entity RequirementItem in service createRequirementItem: org.apache.ofbiz.entity.GenericEntityException: org.apache.ofbiz.entity.GenericEntityException: Error while inserting: [GenericEntity:RequirementItem][budgetId,null()][comments,null()][createdStamp,2021-01-08 20:15:45.326(java.sql.Timestamp)][createdTxStamp,2021-01-08 20:15:45.323(java.sql.Timestamp)][departmentId,10501(java.lang.String)][facilityId,10040(java.lang.String)][gstCategory,null()][lastUpdatedStamp,2021-01-08 20:15:45.326(java.sql.Timestamp)][lastUpdatedTxStamp,2021-01-08 20:15:45.323(java.sql.Timestamp)][orderItemTypeId,INVENTORY_ORDER_ITEM(java.lang.String)][productId,#$%^&(java.lang.String)][quantity,850.00(java.math.BigDecimal)][quantityUomId,OTH_ea(java.lang.String)][requiredByDate,null()][requirementId,14339(java.lang.String)][requirementItemSeqId,00006(java.lang.String)][statusId,REQ_CREATED(java.lang.String)] (SQL Exception while executing the following:INSERT INTO public.REQUIREMENT_ITEM (REQUIREMENT_ID, REQUIREMENT_ITEM_SEQ_ID, PRODUCT_ID, FACILITY_ID, DEPARTMENT_ID, QUANTITY_UOM_ID, QUANTITY, COMMENTS, REASON, LAST_UPDATED_STAMP, LAST_UPDATED_TX_STAMP, CREATED_STAMP, CREATED_TX_STAMP, BUDGET_ID, BUDGET_ITEM_SEQ_ID, ORDER_ITEM_TYPE_ID, GST_CATEGORY, STATUS_ID, REQUIRED_BY_DATE) VALUES (?, ?, ?, ?, ?, ?, ?, ?, ?, ?, ?, ?, ?, ?, ?, ?, ?, ?, ?) (ERROR: insert or update on table "requirement_item" violates foreign key constraint "req_item_product"<br/> Detail: Key (product_id)=(#$%^&) is not present in table "product".)) (Error while inserting: [GenericEntity:RequirementItem][budgetId,null()][comments,null()][createdStamp,2021-01-08 20:15:45.326(java.sql.Timestamp)][createdTxStamp,2021-01-08 20:15:45.323(java.sql.Timestamp)][departmentId,10501(java.lang.String)][facilityId,10040(java.lang.String)][gstCategory,null()][lastUpdatedStamp,2021-01-08 20:15:45.326(java.sql.Timestamp)][lastUpdatedTxStamp,2021-01-08 20:15:45.323(java.sql.Timestamp)][orderItemTypeId,INVENTORY_ORDER_ITEM(java.lang.String)][productId,#$%^&(java.lang.String)][quantity,850.00(java.math.BigDecimal)][quantityUomId,OTH_ea(java.lang.String)][requiredByDate,null()][requirementId,14339(java.lang.String)][requirementItemSeqId,00006(java.lang.String)][statusId,REQ_CREATED(java.lang.String)] (SQL Exception while executing the following:INSERT INTO public.REQUIREMENT_ITEM (REQUIREMENT_ID, REQUIREMENT_ITEM_SEQ_ID, PRODUCT_ID, FACILITY_ID, DEPARTMENT_ID, QUANTITY_UOM_ID, QUANTITY, COMMENTS, REASON, LAST_UPDATED_STAMP, LAST_UPDATED_TX_STAMP, CREATED_STAMP, CREATED_TX_STAMP, BUDGET_ID, BUDGET_ITEM_SEQ_ID, ORDER_ITEM_TYPE_ID, GST_CATEGORY, STATUS_ID, REQUIRED_BY_DATE) VALUES (?, ?, ?, ?, ?, ?, ?, ?, ?, ?, ?, ?, ?, ?, ?, ?, ?, ?, ?) (ERROR: insert or update on table "requirement_item" violates foreign key constraint "req_item_product"<br/> Detail: Key (product_id)=(#$%^&) is not present in table "product".)))">
to be equal to:
 <"Product ID is invalid.">
but was not.
at Procurement_Requirements_Requirements.EditReq_Invalid_PrdID(Procurement_Requirements_Requirements.java:568)
-- failure 2 --
Expecting:
 <"Error calling event: org.apache.ofbiz.webapp.event.EventHandlerException: Problems processing event: java.lang.NumberFormatException (null)">
to be equal to:
 <"Quantity should be a number">
but was not.
at Procurement_Requirements_Requirements.EditReq_InvalidQty(Procurement_Requirements_Requirements.java:621)
-- failure 3 --
Expecting:
 <"">
to be equal to:
 <"150.64">
but was not.
at Procurement_Requirements_Requirements.EditReqQty_InvalidData(Procurement_Requirements_Requirements.java:675)
	at sun.reflect.NativeConstructorAccessorImpl.newInstance0(Native Method)
	at sun.reflect.NativeConstructorAccessorImpl.newInstance(Unknown Source)
	at sun.reflect.DelegatingConstructorAccessorImpl.newInstance(Unknown Source)
	at com.Procurement_Modules.Procurement_Requirements_Requirements.PO_EditReq_assertions(Procurement_Requirements_Requirements.java:704)
	at com.Crest_NegativeScenarios_StepDefinitions.Procurement_Negative_Scenarios_Stepdef.validate_Edit_Requirement_Page_with_Invalid_data_PO_ReqEditPage(Procurement_Negative_Scenarios_Stepdef.java:86)
	at ✽.Then Validate Edit Requirement Page with Invalid data - PO_ReqEditPage(Procurement_Negative_Scenarios.feature:23)
</textarea></td>
												</tr>
										</tbody>
									</table>
								</div>
						</div>
				</li>
						</ul>
				</li>
				<li class='node level-1  pass' status='pass' test-id='17'>
					<div class='collapsible-header'>
						<div class='node-name'>Scenario: Procurements - Requirements (Postive Flow)</div>						
						<span class='node-time'>Jan 8, 2021 8:16:05 PM</span>
						<span class='node-duration'>0h 0m 38s+635ms</span>
						<span class='test-status right pass'>pass</span>
					</div>
						<ul class='collapsible node-list' data-collapsible='accordion'>
				<li class='node level-2 leaf pass' status='pass' test-id='18'>
					<div class='collapsible-header'>
						<div class='node-name'>Given Launch the Application</div>						
						<span class='node-time'>Jan 8, 2021 8:16:05 PM</span>
						<span class='node-duration'>0h 0m 6s+48ms</span>
						<span class='test-status right pass'>pass</span>
					</div>
						<div class='collapsible-body'>
								<div class='node-steps'>
									<table class='bordered table-results'>
										<thead>
											<tr>
												<th>Status</th>
												<th>Timestamp</th>
												<th>Details</th>
											</tr>
										</thead>
										<tbody>
												<tr class='log' status='pass'>
													<td class='status pass' title='pass' alt='pass'><i class='material-icons'>check_circle</i></td>
													<td class='timestamp'>8:16:11 PM</td>
													<td class='step-details'>passed</td>
												</tr>
										</tbody>
									</table>
								</div>
						</div>
				</li>
				<li class='node level-2 leaf pass' status='pass' test-id='19'>
					<div class='collapsible-header'>
						<div class='node-name'>Then Login with valid Credentials</div>						
						<span class='node-time'>Jan 8, 2021 8:16:11 PM</span>
						<span class='node-duration'>0h 0m 3s+994ms</span>
						<span class='test-status right pass'>pass</span>
					</div>
						<div class='collapsible-body'>
								<div class='node-steps'>
									<table class='bordered table-results'>
										<thead>
											<tr>
												<th>Status</th>
												<th>Timestamp</th>
												<th>Details</th>
											</tr>
										</thead>
										<tbody>
												<tr class='log' status='pass'>
													<td class='status pass' title='pass' alt='pass'><i class='material-icons'>check_circle</i></td>
													<td class='timestamp'>8:16:15 PM</td>
													<td class='step-details'>passed</td>
												</tr>
										</tbody>
									</table>
								</div>
						</div>
				</li>
				<li class='node level-2 leaf pass' status='pass' test-id='20'>
					<div class='collapsible-header'>
						<div class='node-name'>Given Create and Approve Requirement - PO_ReqEditPage</div>						
						<span class='node-time'>Jan 8, 2021 8:16:15 PM</span>
						<span class='node-duration'>0h 0m 28s+585ms</span>
						<span class='test-status right pass'>pass</span>
					</div>
						<div class='collapsible-body'>
								<div class='node-steps'>
									<table class='bordered table-results'>
										<thead>
											<tr>
												<th>Status</th>
												<th>Timestamp</th>
												<th>Details</th>
											</tr>
										</thead>
										<tbody>
												<tr class='log' status='pass'>
													<td class='status pass' title='pass' alt='pass'><i class='material-icons'>check_circle</i></td>
													<td class='timestamp'>8:16:43 PM</td>
													<td class='step-details'>passed</td>
												</tr>
										</tbody>
									</table>
								</div>
						</div>
				</li>
						</ul>
				</li>
				<li class='node level-1  fail' status='fail' test-id='21'>
					<div class='collapsible-header'>
						<div class='node-name'>Scenario: Procurements - RFQ Search Page</div>						
						<span class='node-time'>Jan 8, 2021 8:16:44 PM</span>
						<span class='node-duration'>0h 1m 6s+657ms</span>
						<span class='test-status right fail'>fail</span>
					</div>
						<ul class='collapsible node-list' data-collapsible='accordion'>
				<li class='node level-2 leaf pass' status='pass' test-id='22'>
					<div class='collapsible-header'>
						<div class='node-name'>Given Launch the Application</div>						
						<span class='node-time'>Jan 8, 2021 8:16:44 PM</span>
						<span class='node-duration'>0h 0m 6s+860ms</span>
						<span class='test-status right pass'>pass</span>
					</div>
						<div class='collapsible-body'>
								<div class='node-steps'>
									<table class='bordered table-results'>
										<thead>
											<tr>
												<th>Status</th>
												<th>Timestamp</th>
												<th>Details</th>
											</tr>
										</thead>
										<tbody>
												<tr class='log' status='pass'>
													<td class='status pass' title='pass' alt='pass'><i class='material-icons'>check_circle</i></td>
													<td class='timestamp'>8:16:51 PM</td>
													<td class='step-details'>passed</td>
												</tr>
										</tbody>
									</table>
								</div>
						</div>
				</li>
				<li class='node level-2 leaf pass' status='pass' test-id='23'>
					<div class='collapsible-header'>
						<div class='node-name'>Then Login with valid Credentials</div>						
						<span class='node-time'>Jan 8, 2021 8:16:51 PM</span>
						<span class='node-duration'>0h 0m 3s+973ms</span>
						<span class='test-status right pass'>pass</span>
					</div>
						<div class='collapsible-body'>
								<div class='node-steps'>
									<table class='bordered table-results'>
										<thead>
											<tr>
												<th>Status</th>
												<th>Timestamp</th>
												<th>Details</th>
											</tr>
										</thead>
										<tbody>
												<tr class='log' status='pass'>
													<td class='status pass' title='pass' alt='pass'><i class='material-icons'>check_circle</i></td>
													<td class='timestamp'>8:16:55 PM</td>
													<td class='step-details'>passed</td>
												</tr>
										</tbody>
									</table>
								</div>
						</div>
				</li>
				<li class='node level-2 leaf pass' status='pass' test-id='24'>
					<div class='collapsible-header'>
						<div class='node-name'>Given Navigate to RFQ - PO_RFQ_SearchPage</div>						
						<span class='node-time'>Jan 8, 2021 8:16:55 PM</span>
						<span class='node-duration'>0h 0m 3s+647ms</span>
						<span class='test-status right pass'>pass</span>
					</div>
						<div class='collapsible-body'>
								<div class='node-steps'>
									<table class='bordered table-results'>
										<thead>
											<tr>
												<th>Status</th>
												<th>Timestamp</th>
												<th>Details</th>
											</tr>
										</thead>
										<tbody>
												<tr class='log' status='pass'>
													<td class='status pass' title='pass' alt='pass'><i class='material-icons'>check_circle</i></td>
													<td class='timestamp'>8:16:58 PM</td>
													<td class='step-details'>passed</td>
												</tr>
										</tbody>
									</table>
								</div>
						</div>
				</li>
				<li class='node level-2 leaf fail' status='fail' test-id='25'>
					<div class='collapsible-header'>
						<div class='node-name'>Then Validate with Invalid Date Range - PO_RFQ_SearchPage</div>						
						<span class='node-time'>Jan 8, 2021 8:16:58 PM</span>
						<span class='node-duration'>0h 0m 52s+166ms</span>
						<span class='test-status right fail'>fail</span>
					</div>
						<div class='collapsible-body'>
								<div class='node-steps'>
									<table class='bordered table-results'>
										<thead>
											<tr>
												<th>Status</th>
												<th>Timestamp</th>
												<th>Details</th>
											</tr>
										</thead>
										<tbody>
												<tr class='log' status='fail'>
													<td class='status fail' title='fail' alt='fail'><i class='material-icons'>cancel</i></td>
													<td class='timestamp'>8:17:51 PM</td>
													<td class='step-details'><pre>org.openqa.selenium.TimeoutException: Expected condition failed: waiting for visibility of element located by By.xpath: //*[@id= 'content-messages']/div/ul/li[1] (tried for 50 second(s) with 500 MILLISECONDS interval)
	at org.openqa.selenium.support.ui.WebDriverWait.timeoutException(WebDriverWait.java:80)
	at org.openqa.selenium.support.ui.FluentWait.until(FluentWait.java:232)
	at com.Utils.WebdriverWait.findElement(WebdriverWait.java:25)
	at com.Procurement_Modules.Procurement_RFQ.RFQ_SearchPage_InvalidDate_Val(Procurement_RFQ.java:115)
	at com.Crest_NegativeScenarios_StepDefinitions.Procurement_Negative_Scenarios_Stepdef.validate_with_Invalid_Date_Range_PO_RFQ_SearchPage(Procurement_Negative_Scenarios_Stepdef.java:109)
	at ✽.Then Validate with Invalid Date Range - PO_RFQ_SearchPage(Procurement_Negative_Scenarios.feature:34)
Caused by: org.openqa.selenium.NoSuchElementException: Cannot locate an element using By.xpath: //*[@id= 'content-messages']/div/ul/li[1]
For documentation on this error, please visit: http://seleniumhq.org/exceptions/no_such_element.html
Build info: version: '3.5.3', revision: 'a88d25fe6b', time: '2017-08-29T12:42:44.417Z'
System info: host: 'KAILASH_R_LAPTO', ip: '192.168.1.104', os.name: 'Windows 10', os.arch: 'amd64', os.version: '10.0', java.version: '1.8.0_201'
Driver info: driver.version: unknown
	at org.openqa.selenium.support.ui.ExpectedConditions.lambda$findElement$0(ExpectedConditions.java:883)
	at java.util.Optional.orElseThrow(Unknown Source)
	at org.openqa.selenium.support.ui.ExpectedConditions.findElement(ExpectedConditions.java:882)
	at org.openqa.selenium.support.ui.ExpectedConditions.access$000(ExpectedConditions.java:44)
	at org.openqa.selenium.support.ui.ExpectedConditions$7.apply(ExpectedConditions.java:206)
	at org.openqa.selenium.support.ui.ExpectedConditions$7.apply(ExpectedConditions.java:202)
	at org.openqa.selenium.support.ui.FluentWait.until(FluentWait.java:209)
	at com.Utils.WebdriverWait.findElement(WebdriverWait.java:25)
	at com.Procurement_Modules.Procurement_RFQ.RFQ_SearchPage_InvalidDate_Val(Procurement_RFQ.java:115)
	at com.Crest_NegativeScenarios_StepDefinitions.Procurement_Negative_Scenarios_Stepdef.validate_with_Invalid_Date_Range_PO_RFQ_SearchPage(Procurement_Negative_Scenarios_Stepdef.java:109)
	at sun.reflect.NativeMethodAccessorImpl.invoke0(Native Method)
	at sun.reflect.NativeMethodAccessorImpl.invoke(Unknown Source)
	at sun.reflect.DelegatingMethodAccessorImpl.invoke(Unknown Source)
	at java.lang.reflect.Method.invoke(Unknown Source)
	at cucumber.runtime.Utils$1.call(Utils.java:40)
	at cucumber.runtime.Timeout.timeout(Timeout.java:16)
	at cucumber.runtime.Utils.invoke(Utils.java:34)
	at cucumber.runtime.java.JavaStepDefinition.execute(JavaStepDefinition.java:38)
	at cucumber.runtime.StepDefinitionMatch.runStep(StepDefinitionMatch.java:37)
	at cucumber.runtime.Runtime.runStep(Runtime.java:300)
	at cucumber.runtime.model.StepContainer.runStep(StepContainer.java:44)
	at cucumber.runtime.model.StepContainer.runSteps(StepContainer.java:39)
	at cucumber.runtime.model.CucumberScenario.run(CucumberScenario.java:44)
	at cucumber.runtime.junit.ExecutionUnitRunner.run(ExecutionUnitRunner.java:102)
	at cucumber.runtime.junit.FeatureRunner.runChild(FeatureRunner.java:63)
	at cucumber.runtime.junit.FeatureRunner.runChild(FeatureRunner.java:18)
	at org.junit.runners.ParentRunner$3.run(ParentRunner.java:290)
	at org.junit.runners.ParentRunner$1.schedule(ParentRunner.java:71)
	at org.junit.runners.ParentRunner.runChildren(ParentRunner.java:288)
	at org.junit.runners.ParentRunner.access$000(ParentRunner.java:58)
	at org.junit.runners.ParentRunner$2.evaluate(ParentRunner.java:268)
	at org.junit.runners.ParentRunner.run(ParentRunner.java:363)
	at cucumber.runtime.junit.FeatureRunner.run(FeatureRunner.java:70)
	at cucumber.api.junit.Cucumber.runChild(Cucumber.java:95)
	at cucumber.api.junit.Cucumber.runChild(Cucumber.java:38)
	at org.junit.runners.ParentRunner$3.run(ParentRunner.java:290)
	at org.junit.runners.ParentRunner$1.schedule(ParentRunner.java:71)
	at org.junit.runners.ParentRunner.runChildren(ParentRunner.java:288)
	at org.junit.runners.ParentRunner.access$000(ParentRunner.java:58)
	at org.junit.runners.ParentRunner$2.evaluate(ParentRunner.java:268)
	at org.junit.internal.runners.statements.RunAfters.evaluate(RunAfters.java:27)
	at org.junit.runners.ParentRunner.run(ParentRunner.java:363)
	at cucumber.api.junit.Cucumber.run(Cucumber.java:100)
	at org.junit.runner.JUnitCore.run(JUnitCore.java:137)
	at org.junit.runner.JUnitCore.run(JUnitCore.java:115)
	at org.junit.vintage.engine.execution.RunnerExecutor.execute(RunnerExecutor.java:39)
	at java.util.stream.ForEachOps$ForEachOp$OfRef.accept(Unknown Source)
	at java.util.stream.ReferencePipeline$3$1.accept(Unknown Source)
	at java.util.Iterator.forEachRemaining(Unknown Source)
	at java.util.Spliterators$IteratorSpliterator.forEachRemaining(Unknown Source)
	at java.util.stream.AbstractPipeline.copyInto(Unknown Source)
	at java.util.stream.AbstractPipeline.wrapAndCopyInto(Unknown Source)
	at java.util.stream.ForEachOps$ForEachOp.evaluateSequential(Unknown Source)
	at java.util.stream.ForEachOps$ForEachOp$OfRef.evaluateSequential(Unknown Source)
	at java.util.stream.AbstractPipeline.evaluate(Unknown Source)
	at java.util.stream.ReferencePipeline.forEach(Unknown Source)
	at org.junit.vintage.engine.VintageTestEngine.executeAllChildren(VintageTestEngine.java:79)
	at org.junit.vintage.engine.VintageTestEngine.execute(VintageTestEngine.java:70)
	at org.junit.platform.launcher.core.DefaultLauncher.execute(DefaultLauncher.java:220)
	at org.junit.platform.launcher.core.DefaultLauncher.lambda$execute$6(DefaultLauncher.java:188)
	at org.junit.platform.launcher.core.DefaultLauncher.withInterceptedStreams(DefaultLauncher.java:202)
	at org.junit.platform.launcher.core.DefaultLauncher.execute(DefaultLauncher.java:181)
	at org.junit.platform.launcher.core.DefaultLauncher.execute(DefaultLauncher.java:128)
	at org.eclipse.jdt.internal.junit5.runner.JUnit5TestReference.run(JUnit5TestReference.java:89)
	at org.eclipse.jdt.internal.junit.runner.TestExecution.run(TestExecution.java:41)
	at org.eclipse.jdt.internal.junit.runner.RemoteTestRunner.runTests(RemoteTestRunner.java:541)
	at org.eclipse.jdt.internal.junit.runner.RemoteTestRunner.runTests(RemoteTestRunner.java:763)
	at org.eclipse.jdt.internal.junit.runner.RemoteTestRunner.run(RemoteTestRunner.java:463)
	at org.eclipse.jdt.internal.junit.runner.RemoteTestRunner.main(RemoteTestRunner.java:209)
</pre></td>
												</tr>
										</tbody>
									</table>
								</div>
						</div>
				</li>
						</ul>
				</li>
				<li class='node level-1  fail' status='fail' test-id='26'>
					<div class='collapsible-header'>
						<div class='node-name'>Scenario: Procurements - RFQ Create Page</div>						
						<span class='node-time'>Jan 8, 2021 8:17:52 PM</span>
						<span class='node-duration'>0h 1m 9s+15ms</span>
						<span class='test-status right fail'>fail</span>
					</div>
						<ul class='collapsible node-list' data-collapsible='accordion'>
				<li class='node level-2 leaf pass' status='pass' test-id='27'>
					<div class='collapsible-header'>
						<div class='node-name'>Given Launch the Application</div>						
						<span class='node-time'>Jan 8, 2021 8:17:52 PM</span>
						<span class='node-duration'>0h 0m 6s+488ms</span>
						<span class='test-status right pass'>pass</span>
					</div>
						<div class='collapsible-body'>
								<div class='node-steps'>
									<table class='bordered table-results'>
										<thead>
											<tr>
												<th>Status</th>
												<th>Timestamp</th>
												<th>Details</th>
											</tr>
										</thead>
										<tbody>
												<tr class='log' status='pass'>
													<td class='status pass' title='pass' alt='pass'><i class='material-icons'>check_circle</i></td>
													<td class='timestamp'>8:17:58 PM</td>
													<td class='step-details'>passed</td>
												</tr>
										</tbody>
									</table>
								</div>
						</div>
				</li>
				<li class='node level-2 leaf pass' status='pass' test-id='28'>
					<div class='collapsible-header'>
						<div class='node-name'>Then Login with valid Credentials</div>						
						<span class='node-time'>Jan 8, 2021 8:17:58 PM</span>
						<span class='node-duration'>0h 0m 4s+95ms</span>
						<span class='test-status right pass'>pass</span>
					</div>
						<div class='collapsible-body'>
								<div class='node-steps'>
									<table class='bordered table-results'>
										<thead>
											<tr>
												<th>Status</th>
												<th>Timestamp</th>
												<th>Details</th>
											</tr>
										</thead>
										<tbody>
												<tr class='log' status='pass'>
													<td class='status pass' title='pass' alt='pass'><i class='material-icons'>check_circle</i></td>
													<td class='timestamp'>8:18:02 PM</td>
													<td class='step-details'>passed</td>
												</tr>
										</tbody>
									</table>
								</div>
						</div>
				</li>
				<li class='node level-2 leaf pass' status='pass' test-id='29'>
					<div class='collapsible-header'>
						<div class='node-name'>Given Create RFQ - PO_RFQ_CreatePage</div>						
						<span class='node-time'>Jan 8, 2021 8:18:02 PM</span>
						<span class='node-duration'>0h 0m 4s+365ms</span>
						<span class='test-status right pass'>pass</span>
					</div>
						<div class='collapsible-body'>
								<div class='node-steps'>
									<table class='bordered table-results'>
										<thead>
											<tr>
												<th>Status</th>
												<th>Timestamp</th>
												<th>Details</th>
											</tr>
										</thead>
										<tbody>
												<tr class='log' status='pass'>
													<td class='status pass' title='pass' alt='pass'><i class='material-icons'>check_circle</i></td>
													<td class='timestamp'>8:18:07 PM</td>
													<td class='step-details'>passed</td>
												</tr>
										</tbody>
									</table>
								</div>
						</div>
				</li>
				<li class='node level-2 leaf fail' status='fail' test-id='30'>
					<div class='collapsible-header'>
						<div class='node-name'>Then Validate RFQ Create Page with Invalid data - PO_RFQ_CreatePage</div>						
						<span class='node-time'>Jan 8, 2021 8:18:07 PM</span>
						<span class='node-duration'>0h 0m 54s+60ms</span>
						<span class='test-status right fail'>fail</span>
					</div>
						<div class='collapsible-body'>
								<div class='node-steps'>
									<table class='bordered table-results'>
										<thead>
											<tr>
												<th>Status</th>
												<th>Timestamp</th>
												<th>Details</th>
											</tr>
										</thead>
										<tbody>
												<tr class='log' status='fail'>
													<td class='status fail' title='fail' alt='fail'><i class='material-icons'>cancel</i></td>
													<td class='timestamp'>8:19:01 PM</td>
													<td class='step-details'><pre>org.openqa.selenium.TimeoutException: Expected condition failed: waiting for visibility of element located by By.name: removeRole (tried for 50 second(s) with 500 MILLISECONDS interval)
	at org.openqa.selenium.support.ui.WebDriverWait.timeoutException(WebDriverWait.java:80)
	at org.openqa.selenium.support.ui.FluentWait.until(FluentWait.java:232)
	at com.Utils.WebdriverWait.findElement(WebdriverWait.java:29)
	at com.Procurement_Modules.Procurement_RFQ.RFQ_RemoveSupplier(Procurement_RFQ.java:203)
	at com.Crest_NegativeScenarios_StepDefinitions.Procurement_Negative_Scenarios_Stepdef.validate_RFQ_Create_Page_with_Invalid_data_PO_RFQ_CreatePage(Procurement_Negative_Scenarios_Stepdef.java:129)
	at ✽.Then Validate RFQ Create Page with Invalid data - PO_RFQ_CreatePage(Procurement_Negative_Scenarios.feature:40)
Caused by: org.openqa.selenium.NoSuchElementException: Cannot locate an element using By.name: removeRole
For documentation on this error, please visit: http://seleniumhq.org/exceptions/no_such_element.html
Build info: version: '3.5.3', revision: 'a88d25fe6b', time: '2017-08-29T12:42:44.417Z'
System info: host: 'KAILASH_R_LAPTO', ip: '192.168.1.104', os.name: 'Windows 10', os.arch: 'amd64', os.version: '10.0', java.version: '1.8.0_201'
Driver info: driver.version: unknown
	at org.openqa.selenium.support.ui.ExpectedConditions.lambda$findElement$0(ExpectedConditions.java:883)
	at java.util.Optional.orElseThrow(Unknown Source)
	at org.openqa.selenium.support.ui.ExpectedConditions.findElement(ExpectedConditions.java:882)
	at org.openqa.selenium.support.ui.ExpectedConditions.access$000(ExpectedConditions.java:44)
	at org.openqa.selenium.support.ui.ExpectedConditions$7.apply(ExpectedConditions.java:206)
	at org.openqa.selenium.support.ui.ExpectedConditions$7.apply(ExpectedConditions.java:202)
	at org.openqa.selenium.support.ui.FluentWait.until(FluentWait.java:209)
	at com.Utils.WebdriverWait.findElement(WebdriverWait.java:29)
	at com.Procurement_Modules.Procurement_RFQ.RFQ_RemoveSupplier(Procurement_RFQ.java:203)
	at com.Crest_NegativeScenarios_StepDefinitions.Procurement_Negative_Scenarios_Stepdef.validate_RFQ_Create_Page_with_Invalid_data_PO_RFQ_CreatePage(Procurement_Negative_Scenarios_Stepdef.java:129)
	at sun.reflect.NativeMethodAccessorImpl.invoke0(Native Method)
	at sun.reflect.NativeMethodAccessorImpl.invoke(Unknown Source)
	at sun.reflect.DelegatingMethodAccessorImpl.invoke(Unknown Source)
	at java.lang.reflect.Method.invoke(Unknown Source)
	at cucumber.runtime.Utils$1.call(Utils.java:40)
	at cucumber.runtime.Timeout.timeout(Timeout.java:16)
	at cucumber.runtime.Utils.invoke(Utils.java:34)
	at cucumber.runtime.java.JavaStepDefinition.execute(JavaStepDefinition.java:38)
	at cucumber.runtime.StepDefinitionMatch.runStep(StepDefinitionMatch.java:37)
	at cucumber.runtime.Runtime.runStep(Runtime.java:300)
	at cucumber.runtime.model.StepContainer.runStep(StepContainer.java:44)
	at cucumber.runtime.model.StepContainer.runSteps(StepContainer.java:39)
	at cucumber.runtime.model.CucumberScenario.run(CucumberScenario.java:44)
	at cucumber.runtime.junit.ExecutionUnitRunner.run(ExecutionUnitRunner.java:102)
	at cucumber.runtime.junit.FeatureRunner.runChild(FeatureRunner.java:63)
	at cucumber.runtime.junit.FeatureRunner.runChild(FeatureRunner.java:18)
	at org.junit.runners.ParentRunner$3.run(ParentRunner.java:290)
	at org.junit.runners.ParentRunner$1.schedule(ParentRunner.java:71)
	at org.junit.runners.ParentRunner.runChildren(ParentRunner.java:288)
	at org.junit.runners.ParentRunner.access$000(ParentRunner.java:58)
	at org.junit.runners.ParentRunner$2.evaluate(ParentRunner.java:268)
	at org.junit.runners.ParentRunner.run(ParentRunner.java:363)
	at cucumber.runtime.junit.FeatureRunner.run(FeatureRunner.java:70)
	at cucumber.api.junit.Cucumber.runChild(Cucumber.java:95)
	at cucumber.api.junit.Cucumber.runChild(Cucumber.java:38)
	at org.junit.runners.ParentRunner$3.run(ParentRunner.java:290)
	at org.junit.runners.ParentRunner$1.schedule(ParentRunner.java:71)
	at org.junit.runners.ParentRunner.runChildren(ParentRunner.java:288)
	at org.junit.runners.ParentRunner.access$000(ParentRunner.java:58)
	at org.junit.runners.ParentRunner$2.evaluate(ParentRunner.java:268)
	at org.junit.internal.runners.statements.RunAfters.evaluate(RunAfters.java:27)
	at org.junit.runners.ParentRunner.run(ParentRunner.java:363)
	at cucumber.api.junit.Cucumber.run(Cucumber.java:100)
	at org.junit.runner.JUnitCore.run(JUnitCore.java:137)
	at org.junit.runner.JUnitCore.run(JUnitCore.java:115)
	at org.junit.vintage.engine.execution.RunnerExecutor.execute(RunnerExecutor.java:39)
	at java.util.stream.ForEachOps$ForEachOp$OfRef.accept(Unknown Source)
	at java.util.stream.ReferencePipeline$3$1.accept(Unknown Source)
	at java.util.Iterator.forEachRemaining(Unknown Source)
	at java.util.Spliterators$IteratorSpliterator.forEachRemaining(Unknown Source)
	at java.util.stream.AbstractPipeline.copyInto(Unknown Source)
	at java.util.stream.AbstractPipeline.wrapAndCopyInto(Unknown Source)
	at java.util.stream.ForEachOps$ForEachOp.evaluateSequential(Unknown Source)
	at java.util.stream.ForEachOps$ForEachOp$OfRef.evaluateSequential(Unknown Source)
	at java.util.stream.AbstractPipeline.evaluate(Unknown Source)
	at java.util.stream.ReferencePipeline.forEach(Unknown Source)
	at org.junit.vintage.engine.VintageTestEngine.executeAllChildren(VintageTestEngine.java:79)
	at org.junit.vintage.engine.VintageTestEngine.execute(VintageTestEngine.java:70)
	at org.junit.platform.launcher.core.DefaultLauncher.execute(DefaultLauncher.java:220)
	at org.junit.platform.launcher.core.DefaultLauncher.lambda$execute$6(DefaultLauncher.java:188)
	at org.junit.platform.launcher.core.DefaultLauncher.withInterceptedStreams(DefaultLauncher.java:202)
	at org.junit.platform.launcher.core.DefaultLauncher.execute(DefaultLauncher.java:181)
	at org.junit.platform.launcher.core.DefaultLauncher.execute(DefaultLauncher.java:128)
	at org.eclipse.jdt.internal.junit5.runner.JUnit5TestReference.run(JUnit5TestReference.java:89)
	at org.eclipse.jdt.internal.junit.runner.TestExecution.run(TestExecution.java:41)
	at org.eclipse.jdt.internal.junit.runner.RemoteTestRunner.runTests(RemoteTestRunner.java:541)
	at org.eclipse.jdt.internal.junit.runner.RemoteTestRunner.runTests(RemoteTestRunner.java:763)
	at org.eclipse.jdt.internal.junit.runner.RemoteTestRunner.run(RemoteTestRunner.java:463)
	at org.eclipse.jdt.internal.junit.runner.RemoteTestRunner.main(RemoteTestRunner.java:209)
</pre></td>
												</tr>
										</tbody>
									</table>
								</div>
						</div>
				</li>
						</ul>
				</li>
				<li class='node level-1  pass' status='pass' test-id='31'>
					<div class='collapsible-header'>
						<div class='node-name'>Scenario: Procurements - RFQ Item Page (Manual RFQ)</div>						
						<span class='node-time'>Jan 8, 2021 8:19:02 PM</span>
						<span class='node-duration'>0h 0m 18s+742ms</span>
						<span class='test-status right pass'>pass</span>
					</div>
						<ul class='collapsible node-list' data-collapsible='accordion'>
				<li class='node level-2 leaf pass' status='pass' test-id='32'>
					<div class='collapsible-header'>
						<div class='node-name'>Given Launch the Application</div>						
						<span class='node-time'>Jan 8, 2021 8:19:02 PM</span>
						<span class='node-duration'>0h 0m 6s+337ms</span>
						<span class='test-status right pass'>pass</span>
					</div>
						<div class='collapsible-body'>
								<div class='node-steps'>
									<table class='bordered table-results'>
										<thead>
											<tr>
												<th>Status</th>
												<th>Timestamp</th>
												<th>Details</th>
											</tr>
										</thead>
										<tbody>
												<tr class='log' status='pass'>
													<td class='status pass' title='pass' alt='pass'><i class='material-icons'>check_circle</i></td>
													<td class='timestamp'>8:19:08 PM</td>
													<td class='step-details'>passed</td>
												</tr>
										</tbody>
									</table>
								</div>
						</div>
				</li>
				<li class='node level-2 leaf pass' status='pass' test-id='33'>
					<div class='collapsible-header'>
						<div class='node-name'>Then Login with valid Credentials</div>						
						<span class='node-time'>Jan 8, 2021 8:19:08 PM</span>
						<span class='node-duration'>0h 0m 4s+21ms</span>
						<span class='test-status right pass'>pass</span>
					</div>
						<div class='collapsible-body'>
								<div class='node-steps'>
									<table class='bordered table-results'>
										<thead>
											<tr>
												<th>Status</th>
												<th>Timestamp</th>
												<th>Details</th>
											</tr>
										</thead>
										<tbody>
												<tr class='log' status='pass'>
													<td class='status pass' title='pass' alt='pass'><i class='material-icons'>check_circle</i></td>
													<td class='timestamp'>8:19:12 PM</td>
													<td class='step-details'>passed</td>
												</tr>
										</tbody>
									</table>
								</div>
						</div>
				</li>
				<li class='node level-2 leaf pass' status='pass' test-id='34'>
					<div class='collapsible-header'>
						<div class='node-name'>Given Create Manual RFQ - PO_RFQ_CreatePage</div>						
						<span class='node-time'>Jan 8, 2021 8:19:12 PM</span>
						<span class='node-duration'>0h 0m 8s+362ms</span>
						<span class='test-status right pass'>pass</span>
					</div>
						<div class='collapsible-body'>
								<div class='node-steps'>
									<table class='bordered table-results'>
										<thead>
											<tr>
												<th>Status</th>
												<th>Timestamp</th>
												<th>Details</th>
											</tr>
										</thead>
										<tbody>
												<tr class='log' status='pass'>
													<td class='status pass' title='pass' alt='pass'><i class='material-icons'>check_circle</i></td>
													<td class='timestamp'>8:19:21 PM</td>
													<td class='step-details'>passed</td>
												</tr>
										</tbody>
									</table>
								</div>
						</div>
				</li>
				<li class='node level-2 leaf pass' status='pass' test-id='35'>
					<div class='collapsible-header'>
						<div class='node-name'>Then Validate RFQ Items Page with Invalid Data - PO_RFQ_ItemsPage</div>						
						<span class='node-time'>Jan 8, 2021 8:19:21 PM</span>
						<span class='node-duration'>0h 0m 0s+3ms</span>
						<span class='test-status right pass'>pass</span>
					</div>
						<div class='collapsible-body'>
								<div class='node-steps'>
									<table class='bordered table-results'>
										<thead>
											<tr>
												<th>Status</th>
												<th>Timestamp</th>
												<th>Details</th>
											</tr>
										</thead>
										<tbody>
												<tr class='log' status='pass'>
													<td class='status pass' title='pass' alt='pass'><i class='material-icons'>check_circle</i></td>
													<td class='timestamp'>8:19:21 PM</td>
													<td class='step-details'>passed</td>
												</tr>
										</tbody>
									</table>
								</div>
						</div>
				</li>
						</ul>
				</li>
				<li class='node level-1  fail' status='fail' test-id='36'>
					<div class='collapsible-header'>
						<div class='node-name'>Scenario: Procurements - Quotes Search Page</div>						
						<span class='node-time'>Jan 8, 2021 8:19:22 PM</span>
						<span class='node-duration'>0h 1m 6s+446ms</span>
						<span class='test-status right fail'>fail</span>
					</div>
						<ul class='collapsible node-list' data-collapsible='accordion'>
				<li class='node level-2 leaf pass' status='pass' test-id='37'>
					<div class='collapsible-header'>
						<div class='node-name'>Given Launch the Application</div>						
						<span class='node-time'>Jan 8, 2021 8:19:22 PM</span>
						<span class='node-duration'>0h 0m 6s+120ms</span>
						<span class='test-status right pass'>pass</span>
					</div>
						<div class='collapsible-body'>
								<div class='node-steps'>
									<table class='bordered table-results'>
										<thead>
											<tr>
												<th>Status</th>
												<th>Timestamp</th>
												<th>Details</th>
											</tr>
										</thead>
										<tbody>
												<tr class='log' status='pass'>
													<td class='status pass' title='pass' alt='pass'><i class='material-icons'>check_circle</i></td>
													<td class='timestamp'>8:19:28 PM</td>
													<td class='step-details'>passed</td>
												</tr>
										</tbody>
									</table>
								</div>
						</div>
				</li>
				<li class='node level-2 leaf pass' status='pass' test-id='38'>
					<div class='collapsible-header'>
						<div class='node-name'>Then Login with valid Credentials</div>						
						<span class='node-time'>Jan 8, 2021 8:19:28 PM</span>
						<span class='node-duration'>0h 0m 4s+81ms</span>
						<span class='test-status right pass'>pass</span>
					</div>
						<div class='collapsible-body'>
								<div class='node-steps'>
									<table class='bordered table-results'>
										<thead>
											<tr>
												<th>Status</th>
												<th>Timestamp</th>
												<th>Details</th>
											</tr>
										</thead>
										<tbody>
												<tr class='log' status='pass'>
													<td class='status pass' title='pass' alt='pass'><i class='material-icons'>check_circle</i></td>
													<td class='timestamp'>8:19:32 PM</td>
													<td class='step-details'>passed</td>
												</tr>
										</tbody>
									</table>
								</div>
						</div>
				</li>
				<li class='node level-2 leaf pass' status='pass' test-id='39'>
					<div class='collapsible-header'>
						<div class='node-name'>Given Navigate to Quotes - PO_Quotes_SearchPage</div>						
						<span class='node-time'>Jan 8, 2021 8:19:32 PM</span>
						<span class='node-duration'>0h 0m 4s+181ms</span>
						<span class='test-status right pass'>pass</span>
					</div>
						<div class='collapsible-body'>
								<div class='node-steps'>
									<table class='bordered table-results'>
										<thead>
											<tr>
												<th>Status</th>
												<th>Timestamp</th>
												<th>Details</th>
											</tr>
										</thead>
										<tbody>
												<tr class='log' status='pass'>
													<td class='status pass' title='pass' alt='pass'><i class='material-icons'>check_circle</i></td>
													<td class='timestamp'>8:19:36 PM</td>
													<td class='step-details'>passed</td>
												</tr>
										</tbody>
									</table>
								</div>
						</div>
				</li>
				<li class='node level-2 leaf fail' status='fail' test-id='40'>
					<div class='collapsible-header'>
						<div class='node-name'>Then Validate with Invalid Date Range - PO_Quotes_SearchPage</div>						
						<span class='node-time'>Jan 8, 2021 8:19:36 PM</span>
						<span class='node-duration'>0h 0m 52s+57ms</span>
						<span class='test-status right fail'>fail</span>
					</div>
						<div class='collapsible-body'>
								<div class='node-steps'>
									<table class='bordered table-results'>
										<thead>
											<tr>
												<th>Status</th>
												<th>Timestamp</th>
												<th>Details</th>
											</tr>
										</thead>
										<tbody>
												<tr class='log' status='fail'>
													<td class='status fail' title='fail' alt='fail'><i class='material-icons'>cancel</i></td>
													<td class='timestamp'>8:20:28 PM</td>
													<td class='step-details'><pre>org.openqa.selenium.TimeoutException: Expected condition failed: waiting for visibility of element located by By.xpath: //*[@id= 'content-messages']/div/ul/li[1] (tried for 50 second(s) with 500 MILLISECONDS interval)
	at org.openqa.selenium.support.ui.WebDriverWait.timeoutException(WebDriverWait.java:80)
	at org.openqa.selenium.support.ui.FluentWait.until(FluentWait.java:232)
	at com.Utils.WebdriverWait.findElement(WebdriverWait.java:25)
	at com.Procurement_Modules.Procurement_Quotes.PO_Quotes_SearchPage_InvalidDate_Val(Procurement_Quotes.java:84)
	at com.Crest_NegativeScenarios_StepDefinitions.Procurement_Negative_Scenarios_Stepdef.validate_with_Invalid_Date_Range_PO_Quotes_SearchPage(Procurement_Negative_Scenarios_Stepdef.java:161)
	at ✽.Then Validate with Invalid Date Range - PO_Quotes_SearchPage(Procurement_Negative_Scenarios.feature:53)
Caused by: org.openqa.selenium.NoSuchElementException: Cannot locate an element using By.xpath: //*[@id= 'content-messages']/div/ul/li[1]
For documentation on this error, please visit: http://seleniumhq.org/exceptions/no_such_element.html
Build info: version: '3.5.3', revision: 'a88d25fe6b', time: '2017-08-29T12:42:44.417Z'
System info: host: 'KAILASH_R_LAPTO', ip: '192.168.1.104', os.name: 'Windows 10', os.arch: 'amd64', os.version: '10.0', java.version: '1.8.0_201'
Driver info: driver.version: unknown
	at org.openqa.selenium.support.ui.ExpectedConditions.lambda$findElement$0(ExpectedConditions.java:883)
	at java.util.Optional.orElseThrow(Unknown Source)
	at org.openqa.selenium.support.ui.ExpectedConditions.findElement(ExpectedConditions.java:882)
	at org.openqa.selenium.support.ui.ExpectedConditions.access$000(ExpectedConditions.java:44)
	at org.openqa.selenium.support.ui.ExpectedConditions$7.apply(ExpectedConditions.java:206)
	at org.openqa.selenium.support.ui.ExpectedConditions$7.apply(ExpectedConditions.java:202)
	at org.openqa.selenium.support.ui.FluentWait.until(FluentWait.java:209)
	at com.Utils.WebdriverWait.findElement(WebdriverWait.java:25)
	at com.Procurement_Modules.Procurement_Quotes.PO_Quotes_SearchPage_InvalidDate_Val(Procurement_Quotes.java:84)
	at com.Crest_NegativeScenarios_StepDefinitions.Procurement_Negative_Scenarios_Stepdef.validate_with_Invalid_Date_Range_PO_Quotes_SearchPage(Procurement_Negative_Scenarios_Stepdef.java:161)
	at sun.reflect.NativeMethodAccessorImpl.invoke0(Native Method)
	at sun.reflect.NativeMethodAccessorImpl.invoke(Unknown Source)
	at sun.reflect.DelegatingMethodAccessorImpl.invoke(Unknown Source)
	at java.lang.reflect.Method.invoke(Unknown Source)
	at cucumber.runtime.Utils$1.call(Utils.java:40)
	at cucumber.runtime.Timeout.timeout(Timeout.java:16)
	at cucumber.runtime.Utils.invoke(Utils.java:34)
	at cucumber.runtime.java.JavaStepDefinition.execute(JavaStepDefinition.java:38)
	at cucumber.runtime.StepDefinitionMatch.runStep(StepDefinitionMatch.java:37)
	at cucumber.runtime.Runtime.runStep(Runtime.java:300)
	at cucumber.runtime.model.StepContainer.runStep(StepContainer.java:44)
	at cucumber.runtime.model.StepContainer.runSteps(StepContainer.java:39)
	at cucumber.runtime.model.CucumberScenario.run(CucumberScenario.java:44)
	at cucumber.runtime.junit.ExecutionUnitRunner.run(ExecutionUnitRunner.java:102)
	at cucumber.runtime.junit.FeatureRunner.runChild(FeatureRunner.java:63)
	at cucumber.runtime.junit.FeatureRunner.runChild(FeatureRunner.java:18)
	at org.junit.runners.ParentRunner$3.run(ParentRunner.java:290)
	at org.junit.runners.ParentRunner$1.schedule(ParentRunner.java:71)
	at org.junit.runners.ParentRunner.runChildren(ParentRunner.java:288)
	at org.junit.runners.ParentRunner.access$000(ParentRunner.java:58)
	at org.junit.runners.ParentRunner$2.evaluate(ParentRunner.java:268)
	at org.junit.runners.ParentRunner.run(ParentRunner.java:363)
	at cucumber.runtime.junit.FeatureRunner.run(FeatureRunner.java:70)
	at cucumber.api.junit.Cucumber.runChild(Cucumber.java:95)
	at cucumber.api.junit.Cucumber.runChild(Cucumber.java:38)
	at org.junit.runners.ParentRunner$3.run(ParentRunner.java:290)
	at org.junit.runners.ParentRunner$1.schedule(ParentRunner.java:71)
	at org.junit.runners.ParentRunner.runChildren(ParentRunner.java:288)
	at org.junit.runners.ParentRunner.access$000(ParentRunner.java:58)
	at org.junit.runners.ParentRunner$2.evaluate(ParentRunner.java:268)
	at org.junit.internal.runners.statements.RunAfters.evaluate(RunAfters.java:27)
	at org.junit.runners.ParentRunner.run(ParentRunner.java:363)
	at cucumber.api.junit.Cucumber.run(Cucumber.java:100)
	at org.junit.runner.JUnitCore.run(JUnitCore.java:137)
	at org.junit.runner.JUnitCore.run(JUnitCore.java:115)
	at org.junit.vintage.engine.execution.RunnerExecutor.execute(RunnerExecutor.java:39)
	at java.util.stream.ForEachOps$ForEachOp$OfRef.accept(Unknown Source)
	at java.util.stream.ReferencePipeline$3$1.accept(Unknown Source)
	at java.util.Iterator.forEachRemaining(Unknown Source)
	at java.util.Spliterators$IteratorSpliterator.forEachRemaining(Unknown Source)
	at java.util.stream.AbstractPipeline.copyInto(Unknown Source)
	at java.util.stream.AbstractPipeline.wrapAndCopyInto(Unknown Source)
	at java.util.stream.ForEachOps$ForEachOp.evaluateSequential(Unknown Source)
	at java.util.stream.ForEachOps$ForEachOp$OfRef.evaluateSequential(Unknown Source)
	at java.util.stream.AbstractPipeline.evaluate(Unknown Source)
	at java.util.stream.ReferencePipeline.forEach(Unknown Source)
	at org.junit.vintage.engine.VintageTestEngine.executeAllChildren(VintageTestEngine.java:79)
	at org.junit.vintage.engine.VintageTestEngine.execute(VintageTestEngine.java:70)
	at org.junit.platform.launcher.core.DefaultLauncher.execute(DefaultLauncher.java:220)
	at org.junit.platform.launcher.core.DefaultLauncher.lambda$execute$6(DefaultLauncher.java:188)
	at org.junit.platform.launcher.core.DefaultLauncher.withInterceptedStreams(DefaultLauncher.java:202)
	at org.junit.platform.launcher.core.DefaultLauncher.execute(DefaultLauncher.java:181)
	at org.junit.platform.launcher.core.DefaultLauncher.execute(DefaultLauncher.java:128)
	at org.eclipse.jdt.internal.junit5.runner.JUnit5TestReference.run(JUnit5TestReference.java:89)
	at org.eclipse.jdt.internal.junit.runner.TestExecution.run(TestExecution.java:41)
	at org.eclipse.jdt.internal.junit.runner.RemoteTestRunner.runTests(RemoteTestRunner.java:541)
	at org.eclipse.jdt.internal.junit.runner.RemoteTestRunner.runTests(RemoteTestRunner.java:763)
	at org.eclipse.jdt.internal.junit.runner.RemoteTestRunner.run(RemoteTestRunner.java:463)
	at org.eclipse.jdt.internal.junit.runner.RemoteTestRunner.main(RemoteTestRunner.java:209)
</pre></td>
												</tr>
										</tbody>
									</table>
								</div>
						</div>
				</li>
						</ul>
				</li>
				<li class='node level-1  pass' status='pass' test-id='41'>
					<div class='collapsible-header'>
						<div class='node-name'>Scenario: Procurements - Quotes Create Page</div>						
						<span class='node-time'>Jan 8, 2021 8:20:29 PM</span>
						<span class='node-duration'>0h 0m 19s+428ms</span>
						<span class='test-status right pass'>pass</span>
					</div>
						<ul class='collapsible node-list' data-collapsible='accordion'>
				<li class='node level-2 leaf pass' status='pass' test-id='42'>
					<div class='collapsible-header'>
						<div class='node-name'>Given Launch the Application</div>						
						<span class='node-time'>Jan 8, 2021 8:20:29 PM</span>
						<span class='node-duration'>0h 0m 6s+202ms</span>
						<span class='test-status right pass'>pass</span>
					</div>
						<div class='collapsible-body'>
								<div class='node-steps'>
									<table class='bordered table-results'>
										<thead>
											<tr>
												<th>Status</th>
												<th>Timestamp</th>
												<th>Details</th>
											</tr>
										</thead>
										<tbody>
												<tr class='log' status='pass'>
													<td class='status pass' title='pass' alt='pass'><i class='material-icons'>check_circle</i></td>
													<td class='timestamp'>8:20:35 PM</td>
													<td class='step-details'>passed</td>
												</tr>
										</tbody>
									</table>
								</div>
						</div>
				</li>
				<li class='node level-2 leaf pass' status='pass' test-id='43'>
					<div class='collapsible-header'>
						<div class='node-name'>Then Login with valid Credentials</div>						
						<span class='node-time'>Jan 8, 2021 8:20:35 PM</span>
						<span class='node-duration'>0h 0m 4s+175ms</span>
						<span class='test-status right pass'>pass</span>
					</div>
						<div class='collapsible-body'>
								<div class='node-steps'>
									<table class='bordered table-results'>
										<thead>
											<tr>
												<th>Status</th>
												<th>Timestamp</th>
												<th>Details</th>
											</tr>
										</thead>
										<tbody>
												<tr class='log' status='pass'>
													<td class='status pass' title='pass' alt='pass'><i class='material-icons'>check_circle</i></td>
													<td class='timestamp'>8:20:40 PM</td>
													<td class='step-details'>passed</td>
												</tr>
										</tbody>
									</table>
								</div>
						</div>
				</li>
				<li class='node level-2 leaf pass' status='pass' test-id='44'>
					<div class='collapsible-header'>
						<div class='node-name'>Given Create Quotes - PO_Quotes_CreatePage</div>						
						<span class='node-time'>Jan 8, 2021 8:20:40 PM</span>
						<span class='node-duration'>0h 0m 4s+643ms</span>
						<span class='test-status right pass'>pass</span>
					</div>
						<div class='collapsible-body'>
								<div class='node-steps'>
									<table class='bordered table-results'>
										<thead>
											<tr>
												<th>Status</th>
												<th>Timestamp</th>
												<th>Details</th>
											</tr>
										</thead>
										<tbody>
												<tr class='log' status='pass'>
													<td class='status pass' title='pass' alt='pass'><i class='material-icons'>check_circle</i></td>
													<td class='timestamp'>8:20:44 PM</td>
													<td class='step-details'>passed</td>
												</tr>
										</tbody>
									</table>
								</div>
						</div>
				</li>
				<li class='node level-2 leaf pass' status='pass' test-id='45'>
					<div class='collapsible-header'>
						<div class='node-name'>Then Validate Quotes Create Page with Invalid data - PO_Quotes_CreatePage</div>						
						<span class='node-time'>Jan 8, 2021 8:20:44 PM</span>
						<span class='node-duration'>0h 0m 4s+399ms</span>
						<span class='test-status right pass'>pass</span>
					</div>
						<div class='collapsible-body'>
								<div class='node-steps'>
									<table class='bordered table-results'>
										<thead>
											<tr>
												<th>Status</th>
												<th>Timestamp</th>
												<th>Details</th>
											</tr>
										</thead>
										<tbody>
												<tr class='log' status='pass'>
													<td class='status pass' title='pass' alt='pass'><i class='material-icons'>check_circle</i></td>
													<td class='timestamp'>8:20:49 PM</td>
													<td class='step-details'>passed</td>
												</tr>
										</tbody>
									</table>
								</div>
						</div>
				</li>
						</ul>
				</li>
				<li class='node level-1  fail' status='fail' test-id='46'>
					<div class='collapsible-header'>
						<div class='node-name'>Scenario: Procurements - Quotes Update Quote Status Page</div>						
						<span class='node-time'>Jan 8, 2021 8:20:49 PM</span>
						<span class='node-duration'>0h 1m 7s+924ms</span>
						<span class='test-status right fail'>fail</span>
					</div>
						<ul class='collapsible node-list' data-collapsible='accordion'>
				<li class='node level-2 leaf pass' status='pass' test-id='47'>
					<div class='collapsible-header'>
						<div class='node-name'>Given Launch the Application</div>						
						<span class='node-time'>Jan 8, 2021 8:20:49 PM</span>
						<span class='node-duration'>0h 0m 6s+256ms</span>
						<span class='test-status right pass'>pass</span>
					</div>
						<div class='collapsible-body'>
								<div class='node-steps'>
									<table class='bordered table-results'>
										<thead>
											<tr>
												<th>Status</th>
												<th>Timestamp</th>
												<th>Details</th>
											</tr>
										</thead>
										<tbody>
												<tr class='log' status='pass'>
													<td class='status pass' title='pass' alt='pass'><i class='material-icons'>check_circle</i></td>
													<td class='timestamp'>8:20:56 PM</td>
													<td class='step-details'>passed</td>
												</tr>
										</tbody>
									</table>
								</div>
						</div>
				</li>
				<li class='node level-2 leaf pass' status='pass' test-id='48'>
					<div class='collapsible-header'>
						<div class='node-name'>Then Login with valid Credentials</div>						
						<span class='node-time'>Jan 8, 2021 8:20:56 PM</span>
						<span class='node-duration'>0h 0m 5s+452ms</span>
						<span class='test-status right pass'>pass</span>
					</div>
						<div class='collapsible-body'>
								<div class='node-steps'>
									<table class='bordered table-results'>
										<thead>
											<tr>
												<th>Status</th>
												<th>Timestamp</th>
												<th>Details</th>
											</tr>
										</thead>
										<tbody>
												<tr class='log' status='pass'>
													<td class='status pass' title='pass' alt='pass'><i class='material-icons'>check_circle</i></td>
													<td class='timestamp'>8:21:01 PM</td>
													<td class='step-details'>passed</td>
												</tr>
										</tbody>
									</table>
								</div>
						</div>
				</li>
				<li class='node level-2 leaf pass' status='pass' test-id='49'>
					<div class='collapsible-header'>
						<div class='node-name'>Given Create Quotes - PO_Quotes_UpdateQuoteStatusPage</div>						
						<span class='node-time'>Jan 8, 2021 8:21:01 PM</span>
						<span class='node-duration'>0h 0m 6s+154ms</span>
						<span class='test-status right pass'>pass</span>
					</div>
						<div class='collapsible-body'>
								<div class='node-steps'>
									<table class='bordered table-results'>
										<thead>
											<tr>
												<th>Status</th>
												<th>Timestamp</th>
												<th>Details</th>
											</tr>
										</thead>
										<tbody>
												<tr class='log' status='pass'>
													<td class='status pass' title='pass' alt='pass'><i class='material-icons'>check_circle</i></td>
													<td class='timestamp'>8:21:07 PM</td>
													<td class='step-details'>passed</td>
												</tr>
										</tbody>
									</table>
								</div>
						</div>
				</li>
				<li class='node level-2 leaf fail' status='fail' test-id='50'>
					<div class='collapsible-header'>
						<div class='node-name'>Then Validate Update Quote Status Page with Invalid data - PO_Quotes_UpdateQuoteStatusPage</div>						
						<span class='node-time'>Jan 8, 2021 8:21:07 PM</span>
						<span class='node-duration'>0h 0m 50s+51ms</span>
						<span class='test-status right fail'>fail</span>
					</div>
						<div class='collapsible-body'>
								<div class='node-steps'>
									<table class='bordered table-results'>
										<thead>
											<tr>
												<th>Status</th>
												<th>Timestamp</th>
												<th>Details</th>
											</tr>
										</thead>
										<tbody>
												<tr class='log' status='fail'>
													<td class='status fail' title='fail' alt='fail'><i class='material-icons'>cancel</i></td>
													<td class='timestamp'>8:21:57 PM</td>
													<td class='step-details'><pre>org.openqa.selenium.TimeoutException: Expected condition failed: waiting for visibility of element located by By.xpath: //*[@id='createQuoteItem']/table/tbody[1]/tr[6]/td/input (tried for 50 second(s) with 500 MILLISECONDS interval)
	at org.openqa.selenium.support.ui.WebDriverWait.timeoutException(WebDriverWait.java:80)
	at org.openqa.selenium.support.ui.FluentWait.until(FluentWait.java:232)
	at com.Utils.WebdriverWait.findElement(WebdriverWait.java:25)
	at com.Procurement_Modules.Procurement_Quotes_UpdateQuoteStatus.UpdateQuoteStatus_Mandatory_Fields_OuoteItemListTable(Procurement_Quotes_UpdateQuoteStatus.java:43)
	at com.Crest_NegativeScenarios_StepDefinitions.Procurement_Negative_Scenarios_Stepdef.validate_Update_Quote_Status_Page_with_Invalid_data_PO_Quotes_UpdateQuoteStatusPage(Procurement_Negative_Scenarios_Stepdef.java:197)
	at ✽.Then Validate Update Quote Status Page with Invalid data - PO_Quotes_UpdateQuoteStatusPage(Procurement_Negative_Scenarios.feature:65)
Caused by: org.openqa.selenium.NoSuchElementException: Cannot locate an element using By.xpath: //*[@id='createQuoteItem']/table/tbody[1]/tr[6]/td/input
For documentation on this error, please visit: http://seleniumhq.org/exceptions/no_such_element.html
Build info: version: '3.5.3', revision: 'a88d25fe6b', time: '2017-08-29T12:42:44.417Z'
System info: host: 'KAILASH_R_LAPTO', ip: '192.168.1.104', os.name: 'Windows 10', os.arch: 'amd64', os.version: '10.0', java.version: '1.8.0_201'
Driver info: driver.version: unknown
	at org.openqa.selenium.support.ui.ExpectedConditions.lambda$findElement$0(ExpectedConditions.java:883)
	at java.util.Optional.orElseThrow(Unknown Source)
	at org.openqa.selenium.support.ui.ExpectedConditions.findElement(ExpectedConditions.java:882)
	at org.openqa.selenium.support.ui.ExpectedConditions.access$000(ExpectedConditions.java:44)
	at org.openqa.selenium.support.ui.ExpectedConditions$7.apply(ExpectedConditions.java:206)
	at org.openqa.selenium.support.ui.ExpectedConditions$7.apply(ExpectedConditions.java:202)
	at org.openqa.selenium.support.ui.FluentWait.until(FluentWait.java:209)
	at com.Utils.WebdriverWait.findElement(WebdriverWait.java:25)
	at com.Procurement_Modules.Procurement_Quotes_UpdateQuoteStatus.UpdateQuoteStatus_Mandatory_Fields_OuoteItemListTable(Procurement_Quotes_UpdateQuoteStatus.java:43)
	at com.Crest_NegativeScenarios_StepDefinitions.Procurement_Negative_Scenarios_Stepdef.validate_Update_Quote_Status_Page_with_Invalid_data_PO_Quotes_UpdateQuoteStatusPage(Procurement_Negative_Scenarios_Stepdef.java:197)
	at sun.reflect.NativeMethodAccessorImpl.invoke0(Native Method)
	at sun.reflect.NativeMethodAccessorImpl.invoke(Unknown Source)
	at sun.reflect.DelegatingMethodAccessorImpl.invoke(Unknown Source)
	at java.lang.reflect.Method.invoke(Unknown Source)
	at cucumber.runtime.Utils$1.call(Utils.java:40)
	at cucumber.runtime.Timeout.timeout(Timeout.java:16)
	at cucumber.runtime.Utils.invoke(Utils.java:34)
	at cucumber.runtime.java.JavaStepDefinition.execute(JavaStepDefinition.java:38)
	at cucumber.runtime.StepDefinitionMatch.runStep(StepDefinitionMatch.java:37)
	at cucumber.runtime.Runtime.runStep(Runtime.java:300)
	at cucumber.runtime.model.StepContainer.runStep(StepContainer.java:44)
	at cucumber.runtime.model.StepContainer.runSteps(StepContainer.java:39)
	at cucumber.runtime.model.CucumberScenario.run(CucumberScenario.java:44)
	at cucumber.runtime.junit.ExecutionUnitRunner.run(ExecutionUnitRunner.java:102)
	at cucumber.runtime.junit.FeatureRunner.runChild(FeatureRunner.java:63)
	at cucumber.runtime.junit.FeatureRunner.runChild(FeatureRunner.java:18)
	at org.junit.runners.ParentRunner$3.run(ParentRunner.java:290)
	at org.junit.runners.ParentRunner$1.schedule(ParentRunner.java:71)
	at org.junit.runners.ParentRunner.runChildren(ParentRunner.java:288)
	at org.junit.runners.ParentRunner.access$000(ParentRunner.java:58)
	at org.junit.runners.ParentRunner$2.evaluate(ParentRunner.java:268)
	at org.junit.runners.ParentRunner.run(ParentRunner.java:363)
	at cucumber.runtime.junit.FeatureRunner.run(FeatureRunner.java:70)
	at cucumber.api.junit.Cucumber.runChild(Cucumber.java:95)
	at cucumber.api.junit.Cucumber.runChild(Cucumber.java:38)
	at org.junit.runners.ParentRunner$3.run(ParentRunner.java:290)
	at org.junit.runners.ParentRunner$1.schedule(ParentRunner.java:71)
	at org.junit.runners.ParentRunner.runChildren(ParentRunner.java:288)
	at org.junit.runners.ParentRunner.access$000(ParentRunner.java:58)
	at org.junit.runners.ParentRunner$2.evaluate(ParentRunner.java:268)
	at org.junit.internal.runners.statements.RunAfters.evaluate(RunAfters.java:27)
	at org.junit.runners.ParentRunner.run(ParentRunner.java:363)
	at cucumber.api.junit.Cucumber.run(Cucumber.java:100)
	at org.junit.runner.JUnitCore.run(JUnitCore.java:137)
	at org.junit.runner.JUnitCore.run(JUnitCore.java:115)
	at org.junit.vintage.engine.execution.RunnerExecutor.execute(RunnerExecutor.java:39)
	at java.util.stream.ForEachOps$ForEachOp$OfRef.accept(Unknown Source)
	at java.util.stream.ReferencePipeline$3$1.accept(Unknown Source)
	at java.util.Iterator.forEachRemaining(Unknown Source)
	at java.util.Spliterators$IteratorSpliterator.forEachRemaining(Unknown Source)
	at java.util.stream.AbstractPipeline.copyInto(Unknown Source)
	at java.util.stream.AbstractPipeline.wrapAndCopyInto(Unknown Source)
	at java.util.stream.ForEachOps$ForEachOp.evaluateSequential(Unknown Source)
	at java.util.stream.ForEachOps$ForEachOp$OfRef.evaluateSequential(Unknown Source)
	at java.util.stream.AbstractPipeline.evaluate(Unknown Source)
	at java.util.stream.ReferencePipeline.forEach(Unknown Source)
	at org.junit.vintage.engine.VintageTestEngine.executeAllChildren(VintageTestEngine.java:79)
	at org.junit.vintage.engine.VintageTestEngine.execute(VintageTestEngine.java:70)
	at org.junit.platform.launcher.core.DefaultLauncher.execute(DefaultLauncher.java:220)
	at org.junit.platform.launcher.core.DefaultLauncher.lambda$execute$6(DefaultLauncher.java:188)
	at org.junit.platform.launcher.core.DefaultLauncher.withInterceptedStreams(DefaultLauncher.java:202)
	at org.junit.platform.launcher.core.DefaultLauncher.execute(DefaultLauncher.java:181)
	at org.junit.platform.launcher.core.DefaultLauncher.execute(DefaultLauncher.java:128)
	at org.eclipse.jdt.internal.junit5.runner.JUnit5TestReference.run(JUnit5TestReference.java:89)
	at org.eclipse.jdt.internal.junit.runner.TestExecution.run(TestExecution.java:41)
	at org.eclipse.jdt.internal.junit.runner.RemoteTestRunner.runTests(RemoteTestRunner.java:541)
	at org.eclipse.jdt.internal.junit.runner.RemoteTestRunner.runTests(RemoteTestRunner.java:763)
	at org.eclipse.jdt.internal.junit.runner.RemoteTestRunner.run(RemoteTestRunner.java:463)
	at org.eclipse.jdt.internal.junit.runner.RemoteTestRunner.main(RemoteTestRunner.java:209)
</pre></td>
												</tr>
										</tbody>
									</table>
								</div>
						</div>
				</li>
						</ul>
				</li>
				<li class='node level-1  fail' status='fail' test-id='51'>
					<div class='collapsible-header'>
						<div class='node-name'>Scenario: Procurements - Purchase Order Search Page</div>						
						<span class='node-time'>Jan 8, 2021 8:21:58 PM</span>
						<span class='node-duration'>0h 1m 7s+244ms</span>
						<span class='test-status right fail'>fail</span>
					</div>
						<ul class='collapsible node-list' data-collapsible='accordion'>
				<li class='node level-2 leaf pass' status='pass' test-id='52'>
					<div class='collapsible-header'>
						<div class='node-name'>Given Launch the Application</div>						
						<span class='node-time'>Jan 8, 2021 8:21:59 PM</span>
						<span class='node-duration'>0h 0m 6s+557ms</span>
						<span class='test-status right pass'>pass</span>
					</div>
						<div class='collapsible-body'>
								<div class='node-steps'>
									<table class='bordered table-results'>
										<thead>
											<tr>
												<th>Status</th>
												<th>Timestamp</th>
												<th>Details</th>
											</tr>
										</thead>
										<tbody>
												<tr class='log' status='pass'>
													<td class='status pass' title='pass' alt='pass'><i class='material-icons'>check_circle</i></td>
													<td class='timestamp'>8:22:05 PM</td>
													<td class='step-details'>passed</td>
												</tr>
										</tbody>
									</table>
								</div>
						</div>
				</li>
				<li class='node level-2 leaf pass' status='pass' test-id='53'>
					<div class='collapsible-header'>
						<div class='node-name'>Then Login with valid Credentials</div>						
						<span class='node-time'>Jan 8, 2021 8:22:05 PM</span>
						<span class='node-duration'>0h 0m 4s+403ms</span>
						<span class='test-status right pass'>pass</span>
					</div>
						<div class='collapsible-body'>
								<div class='node-steps'>
									<table class='bordered table-results'>
										<thead>
											<tr>
												<th>Status</th>
												<th>Timestamp</th>
												<th>Details</th>
											</tr>
										</thead>
										<tbody>
												<tr class='log' status='pass'>
													<td class='status pass' title='pass' alt='pass'><i class='material-icons'>check_circle</i></td>
													<td class='timestamp'>8:22:09 PM</td>
													<td class='step-details'>passed</td>
												</tr>
										</tbody>
									</table>
								</div>
						</div>
				</li>
				<li class='node level-2 leaf pass' status='pass' test-id='54'>
					<div class='collapsible-header'>
						<div class='node-name'>Given Navigate to Purchase Order - PO_PurchaseOrder_SearchPage</div>						
						<span class='node-time'>Jan 8, 2021 8:22:09 PM</span>
						<span class='node-duration'>0h 0m 4s+424ms</span>
						<span class='test-status right pass'>pass</span>
					</div>
						<div class='collapsible-body'>
								<div class='node-steps'>
									<table class='bordered table-results'>
										<thead>
											<tr>
												<th>Status</th>
												<th>Timestamp</th>
												<th>Details</th>
											</tr>
										</thead>
										<tbody>
												<tr class='log' status='pass'>
													<td class='status pass' title='pass' alt='pass'><i class='material-icons'>check_circle</i></td>
													<td class='timestamp'>8:22:14 PM</td>
													<td class='step-details'>passed</td>
												</tr>
										</tbody>
									</table>
								</div>
						</div>
				</li>
				<li class='node level-2 leaf fail' status='fail' test-id='55'>
					<div class='collapsible-header'>
						<div class='node-name'>Then Validate with Invalid Date Range - PO_PurchaseOrder_SearchPage</div>						
						<span class='node-time'>Jan 8, 2021 8:22:14 PM</span>
						<span class='node-duration'>0h 0m 51s+849ms</span>
						<span class='test-status right fail'>fail</span>
					</div>
						<div class='collapsible-body'>
								<div class='node-steps'>
									<table class='bordered table-results'>
										<thead>
											<tr>
												<th>Status</th>
												<th>Timestamp</th>
												<th>Details</th>
											</tr>
										</thead>
										<tbody>
												<tr class='log' status='fail'>
													<td class='status fail' title='fail' alt='fail'><i class='material-icons'>cancel</i></td>
													<td class='timestamp'>8:23:06 PM</td>
													<td class='step-details'><pre>org.openqa.selenium.TimeoutException: Expected condition failed: waiting for visibility of element located by By.xpath: //*[@id= 'content-messages']/div/ul/li[1] (tried for 50 second(s) with 500 MILLISECONDS interval)
	at org.openqa.selenium.support.ui.WebDriverWait.timeoutException(WebDriverWait.java:80)
	at org.openqa.selenium.support.ui.FluentWait.until(FluentWait.java:232)
	at com.Utils.WebdriverWait.findElement(WebdriverWait.java:25)
	at com.Procurement_Modules.Procurement_PurchaseOrder.PurchaseOrder_SearchPage_InvalidDate_Val(Procurement_PurchaseOrder.java:283)
	at com.Crest_NegativeScenarios_StepDefinitions.Procurement_Negative_Scenarios_Stepdef.validate_with_Invalid_Date_Range_PO_PurchaseOrder_SearchPage(Procurement_Negative_Scenarios_Stepdef.java:224)
	at ✽.Then Validate with Invalid Date Range - PO_PurchaseOrder_SearchPage(Procurement_Negative_Scenarios.feature:71)
Caused by: org.openqa.selenium.NoSuchElementException: Cannot locate an element using By.xpath: //*[@id= 'content-messages']/div/ul/li[1]
For documentation on this error, please visit: http://seleniumhq.org/exceptions/no_such_element.html
Build info: version: '3.5.3', revision: 'a88d25fe6b', time: '2017-08-29T12:42:44.417Z'
System info: host: 'KAILASH_R_LAPTO', ip: '192.168.1.104', os.name: 'Windows 10', os.arch: 'amd64', os.version: '10.0', java.version: '1.8.0_201'
Driver info: driver.version: unknown
	at org.openqa.selenium.support.ui.ExpectedConditions.lambda$findElement$0(ExpectedConditions.java:883)
	at java.util.Optional.orElseThrow(Unknown Source)
	at org.openqa.selenium.support.ui.ExpectedConditions.findElement(ExpectedConditions.java:882)
	at org.openqa.selenium.support.ui.ExpectedConditions.access$000(ExpectedConditions.java:44)
	at org.openqa.selenium.support.ui.ExpectedConditions$7.apply(ExpectedConditions.java:206)
	at org.openqa.selenium.support.ui.ExpectedConditions$7.apply(ExpectedConditions.java:202)
	at org.openqa.selenium.support.ui.FluentWait.until(FluentWait.java:209)
	at com.Utils.WebdriverWait.findElement(WebdriverWait.java:25)
	at com.Procurement_Modules.Procurement_PurchaseOrder.PurchaseOrder_SearchPage_InvalidDate_Val(Procurement_PurchaseOrder.java:283)
	at com.Crest_NegativeScenarios_StepDefinitions.Procurement_Negative_Scenarios_Stepdef.validate_with_Invalid_Date_Range_PO_PurchaseOrder_SearchPage(Procurement_Negative_Scenarios_Stepdef.java:224)
	at sun.reflect.NativeMethodAccessorImpl.invoke0(Native Method)
	at sun.reflect.NativeMethodAccessorImpl.invoke(Unknown Source)
	at sun.reflect.DelegatingMethodAccessorImpl.invoke(Unknown Source)
	at java.lang.reflect.Method.invoke(Unknown Source)
	at cucumber.runtime.Utils$1.call(Utils.java:40)
	at cucumber.runtime.Timeout.timeout(Timeout.java:16)
	at cucumber.runtime.Utils.invoke(Utils.java:34)
	at cucumber.runtime.java.JavaStepDefinition.execute(JavaStepDefinition.java:38)
	at cucumber.runtime.StepDefinitionMatch.runStep(StepDefinitionMatch.java:37)
	at cucumber.runtime.Runtime.runStep(Runtime.java:300)
	at cucumber.runtime.model.StepContainer.runStep(StepContainer.java:44)
	at cucumber.runtime.model.StepContainer.runSteps(StepContainer.java:39)
	at cucumber.runtime.model.CucumberScenario.run(CucumberScenario.java:44)
	at cucumber.runtime.junit.ExecutionUnitRunner.run(ExecutionUnitRunner.java:102)
	at cucumber.runtime.junit.FeatureRunner.runChild(FeatureRunner.java:63)
	at cucumber.runtime.junit.FeatureRunner.runChild(FeatureRunner.java:18)
	at org.junit.runners.ParentRunner$3.run(ParentRunner.java:290)
	at org.junit.runners.ParentRunner$1.schedule(ParentRunner.java:71)
	at org.junit.runners.ParentRunner.runChildren(ParentRunner.java:288)
	at org.junit.runners.ParentRunner.access$000(ParentRunner.java:58)
	at org.junit.runners.ParentRunner$2.evaluate(ParentRunner.java:268)
	at org.junit.runners.ParentRunner.run(ParentRunner.java:363)
	at cucumber.runtime.junit.FeatureRunner.run(FeatureRunner.java:70)
	at cucumber.api.junit.Cucumber.runChild(Cucumber.java:95)
	at cucumber.api.junit.Cucumber.runChild(Cucumber.java:38)
	at org.junit.runners.ParentRunner$3.run(ParentRunner.java:290)
	at org.junit.runners.ParentRunner$1.schedule(ParentRunner.java:71)
	at org.junit.runners.ParentRunner.runChildren(ParentRunner.java:288)
	at org.junit.runners.ParentRunner.access$000(ParentRunner.java:58)
	at org.junit.runners.ParentRunner$2.evaluate(ParentRunner.java:268)
	at org.junit.internal.runners.statements.RunAfters.evaluate(RunAfters.java:27)
	at org.junit.runners.ParentRunner.run(ParentRunner.java:363)
	at cucumber.api.junit.Cucumber.run(Cucumber.java:100)
	at org.junit.runner.JUnitCore.run(JUnitCore.java:137)
	at org.junit.runner.JUnitCore.run(JUnitCore.java:115)
	at org.junit.vintage.engine.execution.RunnerExecutor.execute(RunnerExecutor.java:39)
	at java.util.stream.ForEachOps$ForEachOp$OfRef.accept(Unknown Source)
	at java.util.stream.ReferencePipeline$3$1.accept(Unknown Source)
	at java.util.Iterator.forEachRemaining(Unknown Source)
	at java.util.Spliterators$IteratorSpliterator.forEachRemaining(Unknown Source)
	at java.util.stream.AbstractPipeline.copyInto(Unknown Source)
	at java.util.stream.AbstractPipeline.wrapAndCopyInto(Unknown Source)
	at java.util.stream.ForEachOps$ForEachOp.evaluateSequential(Unknown Source)
	at java.util.stream.ForEachOps$ForEachOp$OfRef.evaluateSequential(Unknown Source)
	at java.util.stream.AbstractPipeline.evaluate(Unknown Source)
	at java.util.stream.ReferencePipeline.forEach(Unknown Source)
	at org.junit.vintage.engine.VintageTestEngine.executeAllChildren(VintageTestEngine.java:79)
	at org.junit.vintage.engine.VintageTestEngine.execute(VintageTestEngine.java:70)
	at org.junit.platform.launcher.core.DefaultLauncher.execute(DefaultLauncher.java:220)
	at org.junit.platform.launcher.core.DefaultLauncher.lambda$execute$6(DefaultLauncher.java:188)
	at org.junit.platform.launcher.core.DefaultLauncher.withInterceptedStreams(DefaultLauncher.java:202)
	at org.junit.platform.launcher.core.DefaultLauncher.execute(DefaultLauncher.java:181)
	at org.junit.platform.launcher.core.DefaultLauncher.execute(DefaultLauncher.java:128)
	at org.eclipse.jdt.internal.junit5.runner.JUnit5TestReference.run(JUnit5TestReference.java:89)
	at org.eclipse.jdt.internal.junit.runner.TestExecution.run(TestExecution.java:41)
	at org.eclipse.jdt.internal.junit.runner.RemoteTestRunner.runTests(RemoteTestRunner.java:541)
	at org.eclipse.jdt.internal.junit.runner.RemoteTestRunner.runTests(RemoteTestRunner.java:763)
	at org.eclipse.jdt.internal.junit.runner.RemoteTestRunner.run(RemoteTestRunner.java:463)
	at org.eclipse.jdt.internal.junit.runner.RemoteTestRunner.main(RemoteTestRunner.java:209)
</pre></td>
												</tr>
										</tbody>
									</table>
								</div>
						</div>
				</li>
						</ul>
				</li>
				<li class='node level-1  pass' status='pass' test-id='56'>
					<div class='collapsible-header'>
						<div class='node-name'>Scenario: Procurements - Purchase Order StartOrder Page</div>						
						<span class='node-time'>Jan 8, 2021 8:23:07 PM</span>
						<span class='node-duration'>0h 0m 24s+127ms</span>
						<span class='test-status right pass'>pass</span>
					</div>
						<ul class='collapsible node-list' data-collapsible='accordion'>
				<li class='node level-2 leaf pass' status='pass' test-id='57'>
					<div class='collapsible-header'>
						<div class='node-name'>Given Launch the Application</div>						
						<span class='node-time'>Jan 8, 2021 8:23:07 PM</span>
						<span class='node-duration'>0h 0m 6s+284ms</span>
						<span class='test-status right pass'>pass</span>
					</div>
						<div class='collapsible-body'>
								<div class='node-steps'>
									<table class='bordered table-results'>
										<thead>
											<tr>
												<th>Status</th>
												<th>Timestamp</th>
												<th>Details</th>
											</tr>
										</thead>
										<tbody>
												<tr class='log' status='pass'>
													<td class='status pass' title='pass' alt='pass'><i class='material-icons'>check_circle</i></td>
													<td class='timestamp'>8:23:13 PM</td>
													<td class='step-details'>passed</td>
												</tr>
										</tbody>
									</table>
								</div>
						</div>
				</li>
				<li class='node level-2 leaf pass' status='pass' test-id='58'>
					<div class='collapsible-header'>
						<div class='node-name'>Then Login with valid Credentials</div>						
						<span class='node-time'>Jan 8, 2021 8:23:13 PM</span>
						<span class='node-duration'>0h 0m 3s+841ms</span>
						<span class='test-status right pass'>pass</span>
					</div>
						<div class='collapsible-body'>
								<div class='node-steps'>
									<table class='bordered table-results'>
										<thead>
											<tr>
												<th>Status</th>
												<th>Timestamp</th>
												<th>Details</th>
											</tr>
										</thead>
										<tbody>
												<tr class='log' status='pass'>
													<td class='status pass' title='pass' alt='pass'><i class='material-icons'>check_circle</i></td>
													<td class='timestamp'>8:23:17 PM</td>
													<td class='step-details'>passed</td>
												</tr>
										</tbody>
									</table>
								</div>
						</div>
				</li>
				<li class='node level-2 leaf pass' status='pass' test-id='59'>
					<div class='collapsible-header'>
						<div class='node-name'>Given Navigate to Purchase Order - PO_PurchaseOrder_StartOrderPage</div>						
						<span class='node-time'>Jan 8, 2021 8:23:17 PM</span>
						<span class='node-duration'>0h 0m 3s+867ms</span>
						<span class='test-status right pass'>pass</span>
					</div>
						<div class='collapsible-body'>
								<div class='node-steps'>
									<table class='bordered table-results'>
										<thead>
											<tr>
												<th>Status</th>
												<th>Timestamp</th>
												<th>Details</th>
											</tr>
										</thead>
										<tbody>
												<tr class='log' status='pass'>
													<td class='status pass' title='pass' alt='pass'><i class='material-icons'>check_circle</i></td>
													<td class='timestamp'>8:23:21 PM</td>
													<td class='step-details'>passed</td>
												</tr>
										</tbody>
									</table>
								</div>
						</div>
				</li>
				<li class='node level-2 leaf pass' status='pass' test-id='60'>
					<div class='collapsible-header'>
						<div class='node-name'>Then Validate StartOrder Page with Invalid data - PO_PurchaseOrder_StartOrderPage</div>						
						<span class='node-time'>Jan 8, 2021 8:23:21 PM</span>
						<span class='node-duration'>0h 0m 10s+124ms</span>
						<span class='test-status right pass'>pass</span>
					</div>
						<div class='collapsible-body'>
								<div class='node-steps'>
									<table class='bordered table-results'>
										<thead>
											<tr>
												<th>Status</th>
												<th>Timestamp</th>
												<th>Details</th>
											</tr>
										</thead>
										<tbody>
												<tr class='log' status='pass'>
													<td class='status pass' title='pass' alt='pass'><i class='material-icons'>check_circle</i></td>
													<td class='timestamp'>8:23:31 PM</td>
													<td class='step-details'>passed</td>
												</tr>
										</tbody>
									</table>
								</div>
						</div>
				</li>
						</ul>
				</li>
				<li class='node level-1  fail' status='fail' test-id='61'>
					<div class='collapsible-header'>
						<div class='node-name'>Scenario: Procurements - Purchase Order ShippingDetails Page</div>						
						<span class='node-time'>Jan 8, 2021 8:23:32 PM</span>
						<span class='node-duration'>0h 0m 28s+903ms</span>
						<span class='test-status right fail'>fail</span>
					</div>
						<ul class='collapsible node-list' data-collapsible='accordion'>
				<li class='node level-2 leaf pass' status='pass' test-id='62'>
					<div class='collapsible-header'>
						<div class='node-name'>Given Launch the Application</div>						
						<span class='node-time'>Jan 8, 2021 8:23:32 PM</span>
						<span class='node-duration'>0h 0m 6s+920ms</span>
						<span class='test-status right pass'>pass</span>
					</div>
						<div class='collapsible-body'>
								<div class='node-steps'>
									<table class='bordered table-results'>
										<thead>
											<tr>
												<th>Status</th>
												<th>Timestamp</th>
												<th>Details</th>
											</tr>
										</thead>
										<tbody>
												<tr class='log' status='pass'>
													<td class='status pass' title='pass' alt='pass'><i class='material-icons'>check_circle</i></td>
													<td class='timestamp'>8:23:39 PM</td>
													<td class='step-details'>passed</td>
												</tr>
										</tbody>
									</table>
								</div>
						</div>
				</li>
				<li class='node level-2 leaf pass' status='pass' test-id='63'>
					<div class='collapsible-header'>
						<div class='node-name'>Then Login with valid Credentials</div>						
						<span class='node-time'>Jan 8, 2021 8:23:39 PM</span>
						<span class='node-duration'>0h 0m 3s+438ms</span>
						<span class='test-status right pass'>pass</span>
					</div>
						<div class='collapsible-body'>
								<div class='node-steps'>
									<table class='bordered table-results'>
										<thead>
											<tr>
												<th>Status</th>
												<th>Timestamp</th>
												<th>Details</th>
											</tr>
										</thead>
										<tbody>
												<tr class='log' status='pass'>
													<td class='status pass' title='pass' alt='pass'><i class='material-icons'>check_circle</i></td>
													<td class='timestamp'>8:23:42 PM</td>
													<td class='step-details'>passed</td>
												</tr>
										</tbody>
									</table>
								</div>
						</div>
				</li>
				<li class='node level-2 leaf pass' status='pass' test-id='64'>
					<div class='collapsible-header'>
						<div class='node-name'>Given Navigate to Purchase Order - PO_PurchaseOrder_ShippingDetailsPage</div>						
						<span class='node-time'>Jan 8, 2021 8:23:42 PM</span>
						<span class='node-duration'>0h 0m 11s+790ms</span>
						<span class='test-status right pass'>pass</span>
					</div>
						<div class='collapsible-body'>
								<div class='node-steps'>
									<table class='bordered table-results'>
										<thead>
											<tr>
												<th>Status</th>
												<th>Timestamp</th>
												<th>Details</th>
											</tr>
										</thead>
										<tbody>
												<tr class='log' status='pass'>
													<td class='status pass' title='pass' alt='pass'><i class='material-icons'>check_circle</i></td>
													<td class='timestamp'>8:23:54 PM</td>
													<td class='step-details'>passed</td>
												</tr>
										</tbody>
									</table>
								</div>
						</div>
				</li>
				<li class='node level-2 leaf fail' status='fail' test-id='65'>
					<div class='collapsible-header'>
						<div class='node-name'>Then Validate Shipping Details Page with Invalid data - PO_PurchaseOrder_ShippingDetailsPage</div>						
						<span class='node-time'>Jan 8, 2021 8:23:54 PM</span>
						<span class='node-duration'>0h 0m 6s+745ms</span>
						<span class='test-status right fail'>fail</span>
					</div>
						<div class='collapsible-body'>
								<div class='node-steps'>
									<table class='bordered table-results'>
										<thead>
											<tr>
												<th>Status</th>
												<th>Timestamp</th>
												<th>Details</th>
											</tr>
										</thead>
										<tbody>
												<tr class='log' status='fail'>
													<td class='status fail' title='fail' alt='fail'><i class='material-icons'>cancel</i></td>
													<td class='timestamp'>8:24:01 PM</td>
													<td class='step-details'><textarea>java.lang.AssertionError: expected null, but was:<[[ChromeDriver: chrome on XP (f6d50d7e1a14e621eede760710bb5044)] -> xpath: //*[@id='content-main-section']/div[2]/form/div/table[3]/tbody/tr[1]/td[1]/h1]>
	at org.junit.Assert.fail(Assert.java:88)
	at org.junit.Assert.failNotNull(Assert.java:755)
	at org.junit.Assert.assertNull(Assert.java:737)
	at org.junit.Assert.assertNull(Assert.java:747)
	at com.Procurement_Modules.Procurement_PurchaseOrder.PO_ShpDetails_AddRemoveShpGrp(Procurement_PurchaseOrder.java:382)
	at com.Crest_NegativeScenarios_StepDefinitions.Procurement_Negative_Scenarios_Stepdef.validate_Shipping_Details_Page_with_Invalid_data_PO_PurchaseOrder_ShippingDetailsPage(Procurement_Negative_Scenarios_Stepdef.java:255)
	at ✽.Then Validate Shipping Details Page with Invalid data - PO_PurchaseOrder_ShippingDetailsPage(Procurement_Negative_Scenarios.feature:83)
</textarea></td>
												</tr>
										</tbody>
									</table>
								</div>
						</div>
				</li>
						</ul>
				</li>
				<li class='node level-1  fail' status='fail' test-id='66'>
					<div class='collapsible-header'>
						<div class='node-name'>Scenario: Procurements - Purchase Order OrderItems Page</div>						
						<span class='node-time'>Jan 8, 2021 8:24:01 PM</span>
						<span class='node-duration'>0h 0m 49s+823ms</span>
						<span class='test-status right fail'>fail</span>
					</div>
						<ul class='collapsible node-list' data-collapsible='accordion'>
				<li class='node level-2 leaf pass' status='pass' test-id='67'>
					<div class='collapsible-header'>
						<div class='node-name'>Given Launch the Application</div>						
						<span class='node-time'>Jan 8, 2021 8:24:01 PM</span>
						<span class='node-duration'>0h 0m 6s+525ms</span>
						<span class='test-status right pass'>pass</span>
					</div>
						<div class='collapsible-body'>
								<div class='node-steps'>
									<table class='bordered table-results'>
										<thead>
											<tr>
												<th>Status</th>
												<th>Timestamp</th>
												<th>Details</th>
											</tr>
										</thead>
										<tbody>
												<tr class='log' status='pass'>
													<td class='status pass' title='pass' alt='pass'><i class='material-icons'>check_circle</i></td>
													<td class='timestamp'>8:24:07 PM</td>
													<td class='step-details'>passed</td>
												</tr>
										</tbody>
									</table>
								</div>
						</div>
				</li>
				<li class='node level-2 leaf pass' status='pass' test-id='68'>
					<div class='collapsible-header'>
						<div class='node-name'>Then Login with valid Credentials</div>						
						<span class='node-time'>Jan 8, 2021 8:24:07 PM</span>
						<span class='node-duration'>0h 0m 3s+835ms</span>
						<span class='test-status right pass'>pass</span>
					</div>
						<div class='collapsible-body'>
								<div class='node-steps'>
									<table class='bordered table-results'>
										<thead>
											<tr>
												<th>Status</th>
												<th>Timestamp</th>
												<th>Details</th>
											</tr>
										</thead>
										<tbody>
												<tr class='log' status='pass'>
													<td class='status pass' title='pass' alt='pass'><i class='material-icons'>check_circle</i></td>
													<td class='timestamp'>8:24:11 PM</td>
													<td class='step-details'>passed</td>
												</tr>
										</tbody>
									</table>
								</div>
						</div>
				</li>
				<li class='node level-2 leaf pass' status='pass' test-id='69'>
					<div class='collapsible-header'>
						<div class='node-name'>Given Navigate to Purchase Order - PO_PurchaseOrder_OrderItemsPage</div>						
						<span class='node-time'>Jan 8, 2021 8:24:11 PM</span>
						<span class='node-duration'>0h 0m 15s+155ms</span>
						<span class='test-status right pass'>pass</span>
					</div>
						<div class='collapsible-body'>
								<div class='node-steps'>
									<table class='bordered table-results'>
										<thead>
											<tr>
												<th>Status</th>
												<th>Timestamp</th>
												<th>Details</th>
											</tr>
										</thead>
										<tbody>
												<tr class='log' status='pass'>
													<td class='status pass' title='pass' alt='pass'><i class='material-icons'>check_circle</i></td>
													<td class='timestamp'>8:24:26 PM</td>
													<td class='step-details'>passed</td>
												</tr>
										</tbody>
									</table>
								</div>
						</div>
				</li>
				<li class='node level-2 leaf fail' status='fail' test-id='70'>
					<div class='collapsible-header'>
						<div class='node-name'>Then Validate Order Items Page with Invalid data - PO_PurchaseOrder_OrderItemsPage</div>						
						<span class='node-time'>Jan 8, 2021 8:24:26 PM</span>
						<span class='node-duration'>0h 0m 24s+304ms</span>
						<span class='test-status right fail'>fail</span>
					</div>
						<div class='collapsible-body'>
								<div class='node-steps'>
									<table class='bordered table-results'>
										<thead>
											<tr>
												<th>Status</th>
												<th>Timestamp</th>
												<th>Details</th>
											</tr>
										</thead>
										<tbody>
												<tr class='log' status='fail'>
													<td class='status fail' title='fail' alt='fail'><i class='material-icons'>cancel</i></td>
													<td class='timestamp'>8:24:51 PM</td>
													<td class='step-details'><textarea>org.assertj.core.error.AssertJMultipleFailuresError: 
Multiple Failures (1 failure)
-- failure 1 --
Expecting:
 <"Quantity must be numeric.">
to be equal to:
 <"Quantity should be a number">
but was not.
at Procurement_PurchaseOrder.PO_OrderItems_InvalidQty(Procurement_PurchaseOrder.java:475)
	at sun.reflect.NativeConstructorAccessorImpl.newInstance0(Native Method)
	at sun.reflect.NativeConstructorAccessorImpl.newInstance(Unknown Source)
	at sun.reflect.DelegatingConstructorAccessorImpl.newInstance(Unknown Source)
	at com.Procurement_Modules.Procurement_PurchaseOrder.PO_PurchaseOrder_assertions(Procurement_PurchaseOrder.java:603)
	at com.Crest_NegativeScenarios_StepDefinitions.Procurement_Negative_Scenarios_Stepdef.validate_Order_Items_Page_with_Invalid_data_PO_PurchaseOrder_OrderItemsPage(Procurement_Negative_Scenarios_Stepdef.java:282)
	at ✽.Then Validate Order Items Page with Invalid data - PO_PurchaseOrder_OrderItemsPage(Procurement_Negative_Scenarios.feature:89)
</textarea></td>
												</tr>
										</tbody>
									</table>
								</div>
						</div>
				</li>
						</ul>
				</li>
				<li class='node level-1  pass' status='pass' test-id='71'>
					<div class='collapsible-header'>
						<div class='node-name'>Scenario: Procurements - Purchase Order Review&CreatePO Page</div>						
						<span class='node-time'>Jan 8, 2021 8:24:52 PM</span>
						<span class='node-duration'>0h 0m 33s+439ms</span>
						<span class='test-status right pass'>pass</span>
					</div>
						<ul class='collapsible node-list' data-collapsible='accordion'>
				<li class='node level-2 leaf pass' status='pass' test-id='72'>
					<div class='collapsible-header'>
						<div class='node-name'>Given Launch the Application</div>						
						<span class='node-time'>Jan 8, 2021 8:24:52 PM</span>
						<span class='node-duration'>0h 0m 6s+774ms</span>
						<span class='test-status right pass'>pass</span>
					</div>
						<div class='collapsible-body'>
								<div class='node-steps'>
									<table class='bordered table-results'>
										<thead>
											<tr>
												<th>Status</th>
												<th>Timestamp</th>
												<th>Details</th>
											</tr>
										</thead>
										<tbody>
												<tr class='log' status='pass'>
													<td class='status pass' title='pass' alt='pass'><i class='material-icons'>check_circle</i></td>
													<td class='timestamp'>8:24:58 PM</td>
													<td class='step-details'>passed</td>
												</tr>
										</tbody>
									</table>
								</div>
						</div>
				</li>
				<li class='node level-2 leaf pass' status='pass' test-id='73'>
					<div class='collapsible-header'>
						<div class='node-name'>Then Login with valid Credentials</div>						
						<span class='node-time'>Jan 8, 2021 8:24:58 PM</span>
						<span class='node-duration'>0h 0m 4s+537ms</span>
						<span class='test-status right pass'>pass</span>
					</div>
						<div class='collapsible-body'>
								<div class='node-steps'>
									<table class='bordered table-results'>
										<thead>
											<tr>
												<th>Status</th>
												<th>Timestamp</th>
												<th>Details</th>
											</tr>
										</thead>
										<tbody>
												<tr class='log' status='pass'>
													<td class='status pass' title='pass' alt='pass'><i class='material-icons'>check_circle</i></td>
													<td class='timestamp'>8:25:03 PM</td>
													<td class='step-details'>passed</td>
												</tr>
										</tbody>
									</table>
								</div>
						</div>
				</li>
				<li class='node level-2 leaf pass' status='pass' test-id='74'>
					<div class='collapsible-header'>
						<div class='node-name'>Given Navigate to Purchase Order - PO_PurchaseOrder_Review&CreatePOPage</div>						
						<span class='node-time'>Jan 8, 2021 8:25:03 PM</span>
						<span class='node-duration'>0h 0m 21s+841ms</span>
						<span class='test-status right pass'>pass</span>
					</div>
						<div class='collapsible-body'>
								<div class='node-steps'>
									<table class='bordered table-results'>
										<thead>
											<tr>
												<th>Status</th>
												<th>Timestamp</th>
												<th>Details</th>
											</tr>
										</thead>
										<tbody>
												<tr class='log' status='pass'>
													<td class='status pass' title='pass' alt='pass'><i class='material-icons'>check_circle</i></td>
													<td class='timestamp'>8:25:25 PM</td>
													<td class='step-details'>passed</td>
												</tr>
										</tbody>
									</table>
								</div>
						</div>
				</li>
				<li class='node level-2 leaf pass' status='pass' test-id='75'>
					<div class='collapsible-header'>
						<div class='node-name'>Then Validate Review&CreatePO Page with Invalid data - PO_PurchaseOrder_Review&CreatePOPage</div>						
						<span class='node-time'>Jan 8, 2021 8:25:25 PM</span>
						<span class='node-duration'>0h 0m 0s+280ms</span>
						<span class='test-status right pass'>pass</span>
					</div>
						<div class='collapsible-body'>
								<div class='node-steps'>
									<table class='bordered table-results'>
										<thead>
											<tr>
												<th>Status</th>
												<th>Timestamp</th>
												<th>Details</th>
											</tr>
										</thead>
										<tbody>
												<tr class='log' status='pass'>
													<td class='status pass' title='pass' alt='pass'><i class='material-icons'>check_circle</i></td>
													<td class='timestamp'>8:25:25 PM</td>
													<td class='step-details'>passed</td>
												</tr>
										</tbody>
									</table>
								</div>
						</div>
				</li>
						</ul>
				</li>
	</ul>
					</div>
				</li>
			</ul>
		</div>
	</div>
	<!-- subview left -->

	<div class='subview-right left'>
		<div class='view-summary'>
			<h5 class='test-name'></h5>

			<div id='step-filters' class="right">
				<span class="blue-text" status="info" alt="info" title="info"><i class="material-icons">info_outline</i></span>
				<span class="green-text" status="pass" alt="pass" title="pass"><i class="material-icons">check_circle</i></span>
				<span class="red-text" status="fail" alt="fail" title="fail"><i class="material-icons">cancel</i></span>
				<span class="red-text text-darken-4" status="fatal" alt="fatal" title="fatal"><i class="material-icons">cancel</i></span>
				<span class="pink-text text-lighten-1" status="error" alt="error" title="error"><i class="material-icons">error</i></span>
				<span class="orange-text" alt="warning" status="warning" title="warning"><i class="material-icons">warning</i></span>
				<span class="teal-text" status="skip" alt="skip" title="skip"><i class="material-icons">redo</i></span>
				<span status="clear" alt="Clear filters" title="Clear filters"><i class="material-icons">clear</i></span>
			</div>
		</div>
	</div>
	<!-- subview right -->

</div>
<!-- test view --><div id='category-view' class='view hide'>

	<section id='controls'>
		<div class='controls grey lighten-4'>
			<!-- search -->
			<div class='chip transparent' alt='Search Tests' title='Search Tests'>
				<a href="#" class='search-div'>
					<i class='material-icons'>search</i> Search
				</a>
				
				<div class='input-field left hide'>
					<input id='search-tests' type='text' class='validate browser-default' placeholder='Search Tests...'>
				</div>
				
			</div>
			<!-- search -->
		</div>
	</section>

	<div class='subview-left left'>
		
		<div class='view-summary'>
			<h5>Categories</h3>
			<ul id='category-collection' class='category-collection'>
				
				<li class='category displayed active'>
					<div class='category-heading'>
						<span class='category-name'>@PO_ReqNeg01</span>
						<span class='category-status right'>
							<span class='label fail'>1</span>
						</span>
					</div>
					<div class='category-content hide'>
						<div class='category-status-counts'>
							
							<span class='label red lighten-1 white-text'>Failed: 1</span>
							
						</div>
					
						<div class='category-tests'>
							<table class='bordered table-results'>
								<thead>
									<tr>
										<th>Timestamp</th>
										<th>TestName</th>
										<th>Status</th>
									</tr>
								</thead>
								<tbody>
									<tr>
										<td>Jan 8, 2021 8:13:19 PM</td>
										<td class='linked' test-id='2'>Negative Testing for Procurement.Scenario: Procurements - Requirements Search page</td>
										<td><span class='test-status fail'>fail</span></td>
									</tr>
								</tbody>
							</table>
						</div>
					</div>
				</li>
				<li class='category displayed active'>
					<div class='category-heading'>
						<span class='category-name'>@PO_ReqNeg02</span>
						<span class='category-status right'>
							<span class='label fail'>1</span>
						</span>
					</div>
					<div class='category-content hide'>
						<div class='category-status-counts'>
							
							<span class='label red lighten-1 white-text'>Failed: 1</span>
							
						</div>
					
						<div class='category-tests'>
							<table class='bordered table-results'>
								<thead>
									<tr>
										<th>Timestamp</th>
										<th>TestName</th>
										<th>Status</th>
									</tr>
								</thead>
								<tbody>
									<tr>
										<td>Jan 8, 2021 8:13:46 PM</td>
										<td class='linked' test-id='7'>Negative Testing for Procurement.Scenario: Procurements - Requirements Create Page</td>
										<td><span class='test-status fail'>fail</span></td>
									</tr>
								</tbody>
							</table>
						</div>
					</div>
				</li>
				<li class='category displayed active'>
					<div class='category-heading'>
						<span class='category-name'>@PO_ReqNeg03</span>
						<span class='category-status right'>
							<span class='label fail'>1</span>
						</span>
					</div>
					<div class='category-content hide'>
						<div class='category-status-counts'>
							
							<span class='label red lighten-1 white-text'>Failed: 1</span>
							
						</div>
					
						<div class='category-tests'>
							<table class='bordered table-results'>
								<thead>
									<tr>
										<th>Timestamp</th>
										<th>TestName</th>
										<th>Status</th>
									</tr>
								</thead>
								<tbody>
									<tr>
										<td>Jan 8, 2021 8:14:55 PM</td>
										<td class='linked' test-id='12'>Negative Testing for Procurement.Scenario: Procurements - Requirements Edit Page</td>
										<td><span class='test-status fail'>fail</span></td>
									</tr>
								</tbody>
							</table>
						</div>
					</div>
				</li>
				<li class='category displayed active'>
					<div class='category-heading'>
						<span class='category-name'>@PO_ReqNeg04</span>
						<span class='category-status right'>
							<span class='label pass'>1</span>
						</span>
					</div>
					<div class='category-content hide'>
						<div class='category-status-counts'>
							<span class='label green accent-4 white-text'>Passed: 1</span>
							
							
						</div>
					
						<div class='category-tests'>
							<table class='bordered table-results'>
								<thead>
									<tr>
										<th>Timestamp</th>
										<th>TestName</th>
										<th>Status</th>
									</tr>
								</thead>
								<tbody>
									<tr>
										<td>Jan 8, 2021 8:16:05 PM</td>
										<td class='linked' test-id='17'>Negative Testing for Procurement.Scenario: Procurements - Requirements (Postive Flow)</td>
										<td><span class='test-status pass'>pass</span></td>
									</tr>
								</tbody>
							</table>
						</div>
					</div>
				</li>
				<li class='category displayed active'>
					<div class='category-heading'>
						<span class='category-name'>@PO_RFQNeg01</span>
						<span class='category-status right'>
							<span class='label fail'>1</span>
						</span>
					</div>
					<div class='category-content hide'>
						<div class='category-status-counts'>
							
							<span class='label red lighten-1 white-text'>Failed: 1</span>
							
						</div>
					
						<div class='category-tests'>
							<table class='bordered table-results'>
								<thead>
									<tr>
										<th>Timestamp</th>
										<th>TestName</th>
										<th>Status</th>
									</tr>
								</thead>
								<tbody>
									<tr>
										<td>Jan 8, 2021 8:16:44 PM</td>
										<td class='linked' test-id='21'>Negative Testing for Procurement.Scenario: Procurements - RFQ Search Page</td>
										<td><span class='test-status fail'>fail</span></td>
									</tr>
								</tbody>
							</table>
						</div>
					</div>
				</li>
				<li class='category displayed active'>
					<div class='category-heading'>
						<span class='category-name'>@PO_RFQNeg02</span>
						<span class='category-status right'>
							<span class='label fail'>1</span>
						</span>
					</div>
					<div class='category-content hide'>
						<div class='category-status-counts'>
							
							<span class='label red lighten-1 white-text'>Failed: 1</span>
							
						</div>
					
						<div class='category-tests'>
							<table class='bordered table-results'>
								<thead>
									<tr>
										<th>Timestamp</th>
										<th>TestName</th>
										<th>Status</th>
									</tr>
								</thead>
								<tbody>
									<tr>
										<td>Jan 8, 2021 8:17:52 PM</td>
										<td class='linked' test-id='26'>Negative Testing for Procurement.Scenario: Procurements - RFQ Create Page</td>
										<td><span class='test-status fail'>fail</span></td>
									</tr>
								</tbody>
							</table>
						</div>
					</div>
				</li>
				<li class='category displayed active'>
					<div class='category-heading'>
						<span class='category-name'>@PO_RFQNeg03</span>
						<span class='category-status right'>
							<span class='label pass'>1</span>
						</span>
					</div>
					<div class='category-content hide'>
						<div class='category-status-counts'>
							<span class='label green accent-4 white-text'>Passed: 1</span>
							
							
						</div>
					
						<div class='category-tests'>
							<table class='bordered table-results'>
								<thead>
									<tr>
										<th>Timestamp</th>
										<th>TestName</th>
										<th>Status</th>
									</tr>
								</thead>
								<tbody>
									<tr>
										<td>Jan 8, 2021 8:19:02 PM</td>
										<td class='linked' test-id='31'>Negative Testing for Procurement.Scenario: Procurements - RFQ Item Page (Manual RFQ)</td>
										<td><span class='test-status pass'>pass</span></td>
									</tr>
								</tbody>
							</table>
						</div>
					</div>
				</li>
				<li class='category displayed active'>
					<div class='category-heading'>
						<span class='category-name'>@PO_QuotesNeg01</span>
						<span class='category-status right'>
							<span class='label fail'>1</span>
						</span>
					</div>
					<div class='category-content hide'>
						<div class='category-status-counts'>
							
							<span class='label red lighten-1 white-text'>Failed: 1</span>
							
						</div>
					
						<div class='category-tests'>
							<table class='bordered table-results'>
								<thead>
									<tr>
										<th>Timestamp</th>
										<th>TestName</th>
										<th>Status</th>
									</tr>
								</thead>
								<tbody>
									<tr>
										<td>Jan 8, 2021 8:19:22 PM</td>
										<td class='linked' test-id='36'>Negative Testing for Procurement.Scenario: Procurements - Quotes Search Page</td>
										<td><span class='test-status fail'>fail</span></td>
									</tr>
								</tbody>
							</table>
						</div>
					</div>
				</li>
				<li class='category displayed active'>
					<div class='category-heading'>
						<span class='category-name'>@PO_QuotesNeg02</span>
						<span class='category-status right'>
							<span class='label pass'>1</span>
						</span>
					</div>
					<div class='category-content hide'>
						<div class='category-status-counts'>
							<span class='label green accent-4 white-text'>Passed: 1</span>
							
							
						</div>
					
						<div class='category-tests'>
							<table class='bordered table-results'>
								<thead>
									<tr>
										<th>Timestamp</th>
										<th>TestName</th>
										<th>Status</th>
									</tr>
								</thead>
								<tbody>
									<tr>
										<td>Jan 8, 2021 8:20:29 PM</td>
										<td class='linked' test-id='41'>Negative Testing for Procurement.Scenario: Procurements - Quotes Create Page</td>
										<td><span class='test-status pass'>pass</span></td>
									</tr>
								</tbody>
							</table>
						</div>
					</div>
				</li>
				<li class='category displayed active'>
					<div class='category-heading'>
						<span class='category-name'>@PO_QuotesNeg03</span>
						<span class='category-status right'>
							<span class='label fail'>1</span>
						</span>
					</div>
					<div class='category-content hide'>
						<div class='category-status-counts'>
							
							<span class='label red lighten-1 white-text'>Failed: 1</span>
							
						</div>
					
						<div class='category-tests'>
							<table class='bordered table-results'>
								<thead>
									<tr>
										<th>Timestamp</th>
										<th>TestName</th>
										<th>Status</th>
									</tr>
								</thead>
								<tbody>
									<tr>
										<td>Jan 8, 2021 8:20:49 PM</td>
										<td class='linked' test-id='46'>Negative Testing for Procurement.Scenario: Procurements - Quotes Update Quote Status Page</td>
										<td><span class='test-status fail'>fail</span></td>
									</tr>
								</tbody>
							</table>
						</div>
					</div>
				</li>
				<li class='category displayed active'>
					<div class='category-heading'>
						<span class='category-name'>@PO_PurchaseOrderNeg01</span>
						<span class='category-status right'>
							<span class='label fail'>1</span>
						</span>
					</div>
					<div class='category-content hide'>
						<div class='category-status-counts'>
							
							<span class='label red lighten-1 white-text'>Failed: 1</span>
							
						</div>
					
						<div class='category-tests'>
							<table class='bordered table-results'>
								<thead>
									<tr>
										<th>Timestamp</th>
										<th>TestName</th>
										<th>Status</th>
									</tr>
								</thead>
								<tbody>
									<tr>
										<td>Jan 8, 2021 8:21:58 PM</td>
										<td class='linked' test-id='51'>Negative Testing for Procurement.Scenario: Procurements - Purchase Order Search Page</td>
										<td><span class='test-status fail'>fail</span></td>
									</tr>
								</tbody>
							</table>
						</div>
					</div>
				</li>
				<li class='category displayed active'>
					<div class='category-heading'>
						<span class='category-name'>@PO_PurchaseOrderNeg02</span>
						<span class='category-status right'>
							<span class='label pass'>1</span>
						</span>
					</div>
					<div class='category-content hide'>
						<div class='category-status-counts'>
							<span class='label green accent-4 white-text'>Passed: 1</span>
							
							
						</div>
					
						<div class='category-tests'>
							<table class='bordered table-results'>
								<thead>
									<tr>
										<th>Timestamp</th>
										<th>TestName</th>
										<th>Status</th>
									</tr>
								</thead>
								<tbody>
									<tr>
										<td>Jan 8, 2021 8:23:07 PM</td>
										<td class='linked' test-id='56'>Negative Testing for Procurement.Scenario: Procurements - Purchase Order StartOrder Page</td>
										<td><span class='test-status pass'>pass</span></td>
									</tr>
								</tbody>
							</table>
						</div>
					</div>
				</li>
				<li class='category displayed active'>
					<div class='category-heading'>
						<span class='category-name'>@PO_PurchaseOrderNeg03</span>
						<span class='category-status right'>
							<span class='label fail'>1</span>
						</span>
					</div>
					<div class='category-content hide'>
						<div class='category-status-counts'>
							
							<span class='label red lighten-1 white-text'>Failed: 1</span>
							
						</div>
					
						<div class='category-tests'>
							<table class='bordered table-results'>
								<thead>
									<tr>
										<th>Timestamp</th>
										<th>TestName</th>
										<th>Status</th>
									</tr>
								</thead>
								<tbody>
									<tr>
										<td>Jan 8, 2021 8:23:32 PM</td>
										<td class='linked' test-id='61'>Negative Testing for Procurement.Scenario: Procurements - Purchase Order ShippingDetails Page</td>
										<td><span class='test-status fail'>fail</span></td>
									</tr>
								</tbody>
							</table>
						</div>
					</div>
				</li>
				<li class='category displayed active'>
					<div class='category-heading'>
						<span class='category-name'>@PO_PurchaseOrderNeg04</span>
						<span class='category-status right'>
							<span class='label fail'>1</span>
						</span>
					</div>
					<div class='category-content hide'>
						<div class='category-status-counts'>
							
							<span class='label red lighten-1 white-text'>Failed: 1</span>
							
						</div>
					
						<div class='category-tests'>
							<table class='bordered table-results'>
								<thead>
									<tr>
										<th>Timestamp</th>
										<th>TestName</th>
										<th>Status</th>
									</tr>
								</thead>
								<tbody>
									<tr>
										<td>Jan 8, 2021 8:24:01 PM</td>
										<td class='linked' test-id='66'>Negative Testing for Procurement.Scenario: Procurements - Purchase Order OrderItems Page</td>
										<td><span class='test-status fail'>fail</span></td>
									</tr>
								</tbody>
							</table>
						</div>
					</div>
				</li>
				<li class='category displayed active'>
					<div class='category-heading'>
						<span class='category-name'>@PO_PurchaseOrderNeg05</span>
						<span class='category-status right'>
							<span class='label pass'>1</span>
						</span>
					</div>
					<div class='category-content hide'>
						<div class='category-status-counts'>
							<span class='label green accent-4 white-text'>Passed: 1</span>
							
							
						</div>
					
						<div class='category-tests'>
							<table class='bordered table-results'>
								<thead>
									<tr>
										<th>Timestamp</th>
										<th>TestName</th>
										<th>Status</th>
									</tr>
								</thead>
								<tbody>
									<tr>
										<td>Jan 8, 2021 8:24:52 PM</td>
										<td class='linked' test-id='71'>Negative Testing for Procurement.Scenario: Procurements - Purchase Order Review&CreatePO Page</td>
										<td><span class='test-status pass'>pass</span></td>
									</tr>
								</tbody>
							</table>
						</div>
					</div>
				</li>

			</ul>
		</div>
	</div>

	<div class='subview-right left'>
		<div class='view-summary'>
			<h5 class='category-name'></h5>
		</div>
	</div>
</div>
<!-- category view --><div id='exception-view' class='view hide'>
	
	<section id='controls'>
		<div class='controls grey lighten-4'>
			<!-- search -->
			<div class='chip transparent' alt='Search Tests' title='Search Tests'>
				<a href="#" class='search-div'>
					<i class='material-icons'>search</i> Search
				</a>
				
				<div class='input-field left hide'>
					<input id='search-tests' type='text' class='validate browser-default' placeholder='Search Tests...'>
				</div>
				
			</div>
			<!-- search -->
		</div>
	</section>

	<div class='subview-left left'>
		
		<div class='view-summary'>
			<h5>Exceptions</h3>
			<ul id='exception-collection' class='exception-collection'>
				
				<li class='exception displayed active'>
					<div class='exception-heading'>
						<span class='exception-name'>org.assertj.core.error.AssertJMultipleFailuresError</span>
						<span class='exception-count right'><span class='label red lighten-1 white-text'>1</span></span>
					</div>
					<div class='exception-content hide'>	
						<div class='exception-tests'>
							<table class='bordered table-results'>
								<thead>
									<tr>
										<th>Timestamp</th>
										<th>TestName</th>
										<th>Status</th>
									</tr>
								</thead>
								<tbody>
									<tr>
										<td>Jan 8, 2021 8:24:01 PM</td>
										<td class='linked' test-id='66'>Negative Testing for Procurement.Scenario: Procurements - Purchase Order OrderItems Page</td>
										<td><pre><textarea>org.assertj.core.error.AssertJMultipleFailuresError: 
Multiple Failures (1 failure)
-- failure 1 --
Expecting:
 <"Quantity must be numeric.">
to be equal to:
 <"Quantity should be a number">
but was not.
at Procurement_PurchaseOrder.PO_OrderItems_InvalidQty(Procurement_PurchaseOrder.java:475)
	at sun.reflect.NativeConstructorAccessorImpl.newInstance0(Native Method)
	at sun.reflect.NativeConstructorAccessorImpl.newInstance(Unknown Source)
	at sun.reflect.DelegatingConstructorAccessorImpl.newInstance(Unknown Source)
	at com.Procurement_Modules.Procurement_PurchaseOrder.PO_PurchaseOrder_assertions(Procurement_PurchaseOrder.java:603)
	at com.Crest_NegativeScenarios_StepDefinitions.Procurement_Negative_Scenarios_Stepdef.validate_Order_Items_Page_with_Invalid_data_PO_PurchaseOrder_OrderItemsPage(Procurement_Negative_Scenarios_Stepdef.java:282)
	at ✽.Then Validate Order Items Page with Invalid data - PO_PurchaseOrder_OrderItemsPage(Procurement_Negative_Scenarios.feature:89)
</textarea></pre></td>
									</tr>
								</tbody>
							</table>
						</div>
					</div>
				</li>
			</ul>
		</div>
	</div>

	<div class='subview-right left'>
		<div class='view-summary'>
			<h5 class='exception-name'></h5>
		</div>
	</div>
</div>
<!-- exception view --><div id='dashboard-view' class='view hide'>
	<div class='card-panel transparent np-v'>
		<h5>Dashboard</h5>

		<div class='row'>
			<div class='col s2'>
				<div class='card-panel r'>
					Tests
					<div class='panel-lead'>59</div>
				</div>
			</div>
			<div class='col s2'>
				<div class='card-panel r'>
					Steps
					<div class='panel-lead'>59</div>
				</div>
			</div>
			<div class='col s2'>
				<div class='card-panel r'>
					Start
					<div class='panel-lead'>Jan 8, 2021 8:13:19 PM</div>
				</div>
			</div>
			<div class='col s2'>
				<div class='card-panel r'>
			 		End
			 		<div class='panel-lead'>Jan 8, 2021 8:25:26 PM</div>
				</div>
			</div>
			<div class='col s2'>
				<div class='card-panel r'>
					Time Taken
					<div class='panel-lead'>727,409ms</div>
				</div>
			</div>
			<div class='col s4'>
				<div class='card-panel environment'>
					<span class='right label cyan white-text'>Environment</span><p>&nbsp;</p>
					
					<table>
						<tr>
							<th>Name</th>
							<th>Value</th>
						</tr>
							<tr>
								<td>User Name</td>
								<td>KailashR</td>
							</tr>
							<tr>
								<td>Time Zone</td>
								<td>Asia/Calcutta</td>
							</tr>
							<tr>
								<td>64 Bit</td>
								<td>Windows 10</td>
							</tr>
							<tr>
								<td>2.53.0</td>
								<td>Selenium</td>
							</tr>
							<tr>
								<td>3.3.9</td>
								<td>Maven</td>
							</tr>
							<tr>
								<td>1.8.0_66</td>
								<td>Java Version</td>
							</tr>
					</table>
				</div>
			</div>
			<div class='col s4'>
				<div class='card-panel'>
					<span class='right label cyan white-text'>Categories</span><p>&nbsp;</p>
					
					<table>
						<tr>
							<th>Name</th>
							<th>Passed</th>
							<th>Failed</th>
							<th>Others</th>
						</tr>
						<tr>
							<td>@PO_ReqNeg01</td>
							<td>0</td>
							<td>1</td>
							<td>0</td>
						</tr>
						<tr>
							<td>@PO_ReqNeg02</td>
							<td>0</td>
							<td>1</td>
							<td>0</td>
						</tr>
						<tr>
							<td>@PO_ReqNeg03</td>
							<td>0</td>
							<td>1</td>
							<td>0</td>
						</tr>
						<tr>
							<td>@PO_ReqNeg04</td>
							<td>1</td>
							<td>0</td>
							<td>0</td>
						</tr>
						<tr>
							<td>@PO_RFQNeg01</td>
							<td>0</td>
							<td>1</td>
							<td>0</td>
						</tr>
						<tr>
							<td>@PO_RFQNeg02</td>
							<td>0</td>
							<td>1</td>
							<td>0</td>
						</tr>
						<tr>
							<td>@PO_RFQNeg03</td>
							<td>1</td>
							<td>0</td>
							<td>0</td>
						</tr>
						<tr>
							<td>@PO_QuotesNeg01</td>
							<td>0</td>
							<td>1</td>
							<td>0</td>
						</tr>
						<tr>
							<td>@PO_QuotesNeg02</td>
							<td>1</td>
							<td>0</td>
							<td>0</td>
						</tr>
						<tr>
							<td>@PO_QuotesNeg03</td>
							<td>0</td>
							<td>1</td>
							<td>0</td>
						</tr>
						<tr>
							<td>@PO_PurchaseOrderNeg01</td>
							<td>0</td>
							<td>1</td>
							<td>0</td>
						</tr>
						<tr>
							<td>@PO_PurchaseOrderNeg02</td>
							<td>1</td>
							<td>0</td>
							<td>0</td>
						</tr>
						<tr>
							<td>@PO_PurchaseOrderNeg03</td>
							<td>0</td>
							<td>1</td>
							<td>0</td>
						</tr>
						<tr>
							<td>@PO_PurchaseOrderNeg04</td>
							<td>0</td>
							<td>1</td>
							<td>0</td>
						</tr>
						<tr>
							<td>@PO_PurchaseOrderNeg05</td>
							<td>1</td>
							<td>0</td>
							<td>0</td>
						</tr>
					</table>
				</div>
			</div>
		</div>
	</div>
</div>
<!-- dashboard view --><div id='testrunner-logs-view' class='view hide'>
	<div class='card-panel transparent np-v'>
		<h5>TestRunner Logs</h5>
		
		<div class='card-panel'>
				Cucumber JUnit Test Runner
		</div>
	</div>
</div>
<!-- testrunner-logs view -->
		</div>
		<!-- container -->

		<script>
			var statusGroup = {
				passParent: 49,
				failParent: 10,
				fatalParent: 0,
				errorParent: 0,
				warningParent: 0,
				skipParent: 0,
				exceptionsParent: 10,
				
				passChild: 49,
				failChild: 10,
				fatalChild: 0,
				errorChild: 0,
				warningChild: 0,
				skipChild: 0,
				infoChild: 0,
				exceptionsChild: 10,
				
				passGrandChild: 0,
				failGrandChild: 0,
				fatalGrandChild: 0,
				errorGrandChild: 0,
				warningGrandChild: 0,
				skipGrandChild: 0,
				infoGrandChild: 0,
				exceptionsGrandChild: 0,
			};
		</script>
		
			<script src='https://cdn.rawgit.com/anshooarora/extentreports-java/9fa70d0ed9c34a8ed445ceee3494d3d7de7f8918/dist/js/extent.js' type='text/javascript'></script>
		
		
	</body>
	
</html>
